#
# There is insufficient memory for the Java Runtime Environment to continue.
# Native memory allocation (malloc) failed to allocate 1525456 bytes for Chunk::new
# Possible reasons:
#   The system is out of physical RAM or swap space
#   The process is running with CompressedOops enabled, and the Java Heap may be blocking the growth of the native heap
# Possible solutions:
#   Reduce memory load on the system
#   Increase physical memory or swap space
#   Check if swap backing store is full
#   Decrease Java heap size (-Xmx/-Xms)
#   Decrease number of Java threads
#   Decrease Java thread stack sizes (-Xss)
#   Set larger code cache with -XX:ReservedCodeCacheSize=
#   JVM is running with Zero Based Compressed Oops mode in which the Java heap is
#     placed in the first 32GB address space. The Java Heap base address is the
#     maximum limit for the native heap growth. Please use -XX:HeapBaseMinAddress
#     to set the Java Heap base and to place the Java Heap above 32GB virtual address.
# This output file may be truncated or incomplete.
#
#  Out of Memory Error (arena.cpp:189), pid=15644, tid=2904
#
# JRE version: Java(TM) SE Runtime Environment (17.0.2+8) (build 17.0.2+8-LTS-86)
# Java VM: Java HotSpot(TM) 64-Bit Server VM (17.0.2+8-LTS-86, mixed mode, sharing, tiered, compressed oops, compressed class ptrs, g1 gc, windows-amd64)
# No core dump will be written. Minidumps are not enabled by default on client versions of Windows
#

---------------  S U M M A R Y ------------

Command Line: -javaagent:C:\Users\kroso\IntelliJ IDEA Community Edition 2021.3.2\lib\idea_rt.jar=65254:C:\Users\kroso\IntelliJ IDEA Community Edition 2021.3.2\bin -Dfile.encoding=UTF-8 pl.sk.GasStationsApplication

Host: Intel(R) Core(TM) i7-4790K CPU @ 4.00GHz, 8 cores, 15G,  Windows 10 , 64 bit Build 19041 (10.0.19041.1645)
Time: Sun Apr 24 14:08:24 2022  Windows 10 , 64 bit Build 19041 (10.0.19041.1645) elapsed time: 17.991742 seconds (0d 0h 0m 17s)

---------------  T H R E A D  ---------------

Current thread (0x000002f3f783d200):  JavaThread "C2 CompilerThread0" daemon [_thread_in_native, id=2904, stack(0x000000fdc7300000,0x000000fdc7400000)]


Current CompileTask:
C2:  17991 8991       4       org.springframework.web.servlet.mvc.method.RequestMappingInfo::getMatchingCondition (182 bytes)

Stack: [0x000000fdc7300000,0x000000fdc7400000]
Native frames: (J=compiled Java code, j=interpreted, Vv=VM code, C=native code)
V  [jvm.dll+0x670baa]
V  [jvm.dll+0x7cfcb4]
V  [jvm.dll+0x7d145e]
V  [jvm.dll+0x7d1ac3]
V  [jvm.dll+0x242bc5]
V  [jvm.dll+0xaa57b]
V  [jvm.dll+0xaab0c]
V  [jvm.dll+0x35fcb2]
V  [jvm.dll+0x32a331]
V  [jvm.dll+0x3297da]
V  [jvm.dll+0x215c91]
V  [jvm.dll+0x2150b1]
V  [jvm.dll+0x1a1bbd]
V  [jvm.dll+0x224908]
V  [jvm.dll+0x222a6c]
V  [jvm.dll+0x7859bb]
V  [jvm.dll+0x77ff7a]
V  [jvm.dll+0x66fa35]
C  [ucrtbase.dll+0x21bb2]
C  [KERNEL32.DLL+0x17034]
C  [ntdll.dll+0x52651]


---------------  P R O C E S S  ---------------

Threads class SMR info:
_java_thread_list=0x000002f3f950bc60, length=31, elements={
0x000002f3f7820da0, 0x000002f3f7821c10, 0x000002f3f7837830, 0x000002f3f783b110,
0x000002f3f783bac0, 0x000002f3f783c470, 0x000002f3f783d200, 0x000002f3f783dca0,
0x000002f3f8440400, 0x000002f3f780a4d0, 0x000002f3f8526840, 0x000002f3f8556300,
0x000002f3fb320020, 0x000002f3fb3209c0, 0x000002f3fb31e810, 0x000002f3fb320e90,
0x000002f3fb3204f0, 0x000002f3f9239a70, 0x000002f3fb321360, 0x000002f3fb321830,
0x000002f3fb31f1b0, 0x000002f3fb321d00, 0x000002f3fb31e340, 0x000002f3fb31fb50,
0x000002f3fb31f680, 0x000002f3fbb86210, 0x000002f3fbb88890, 0x000002f3fbb8b3e0,
0x000002f3fbb87ef0, 0x000002f3fbb84530, 0x000002f3fbb87080
}

Java Threads: ( => current thread )
  0x000002f3f7820da0 JavaThread "Reference Handler" daemon [_thread_blocked, id=5968, stack(0x000000fdc6d00000,0x000000fdc6e00000)]
  0x000002f3f7821c10 JavaThread "Finalizer" daemon [_thread_blocked, id=18284, stack(0x000000fdc6e00000,0x000000fdc6f00000)]
  0x000002f3f7837830 JavaThread "Signal Dispatcher" daemon [_thread_blocked, id=14616, stack(0x000000fdc6f00000,0x000000fdc7000000)]
  0x000002f3f783b110 JavaThread "Attach Listener" daemon [_thread_blocked, id=7448, stack(0x000000fdc7000000,0x000000fdc7100000)]
  0x000002f3f783bac0 JavaThread "Service Thread" daemon [_thread_blocked, id=3144, stack(0x000000fdc7100000,0x000000fdc7200000)]
  0x000002f3f783c470 JavaThread "Monitor Deflation Thread" daemon [_thread_blocked, id=10656, stack(0x000000fdc7200000,0x000000fdc7300000)]
=>0x000002f3f783d200 JavaThread "C2 CompilerThread0" daemon [_thread_in_native, id=2904, stack(0x000000fdc7300000,0x000000fdc7400000)]
  0x000002f3f783dca0 JavaThread "C1 CompilerThread0" daemon [_thread_blocked, id=14588, stack(0x000000fdc7400000,0x000000fdc7500000)]
  0x000002f3f8440400 JavaThread "Sweeper thread" daemon [_thread_blocked, id=12552, stack(0x000000fdc7500000,0x000000fdc7600000)]
  0x000002f3f780a4d0 JavaThread "Common-Cleaner" daemon [_thread_blocked, id=14152, stack(0x000000fdc7600000,0x000000fdc7700000)]
  0x000002f3f8526840 JavaThread "Monitor Ctrl-Break" daemon [_thread_in_native, id=10692, stack(0x000000fdc7700000,0x000000fdc7800000)]
  0x000002f3f8556300 JavaThread "Notification Thread" daemon [_thread_blocked, id=9148, stack(0x000000fdc7800000,0x000000fdc7900000)]
  0x000002f3fb320020 JavaThread "Catalina-utility-1" [_thread_blocked, id=9064, stack(0x000000fdc8400000,0x000000fdc8500000)]
  0x000002f3fb3209c0 JavaThread "Catalina-utility-2" [_thread_blocked, id=14008, stack(0x000000fdc8500000,0x000000fdc8600000)]
  0x000002f3fb31e810 JavaThread "container-0" [_thread_blocked, id=10980, stack(0x000000fdc8600000,0x000000fdc8700000)]
  0x000002f3fb320e90 JavaThread "mysql-cj-abandoned-connection-cleanup" daemon [_thread_blocked, id=17644, stack(0x000000fdc8700000,0x000000fdc8800000)]
  0x000002f3fb3204f0 JavaThread "HikariPool-1 housekeeper" daemon [_thread_blocked, id=17780, stack(0x000000fdc8900000,0x000000fdc8a00000)]
  0x000002f3f9239a70 JavaThread "C2 CompilerThread1" daemon [_thread_blocked, id=5412, stack(0x000000fdc7a00000,0x000000fdc7b00000)]
  0x000002f3fb321360 JavaThread "http-nio-8080-exec-1" daemon [_thread_blocked, id=5436, stack(0x000000fdc8300000,0x000000fdc8400000)]
  0x000002f3fb321830 JavaThread "http-nio-8080-exec-2" daemon [_thread_blocked, id=528, stack(0x000000fdc8b00000,0x000000fdc8c00000)]
  0x000002f3fb31f1b0 JavaThread "http-nio-8080-exec-3" daemon [_thread_blocked, id=17436, stack(0x000000fdc8c00000,0x000000fdc8d00000)]
  0x000002f3fb321d00 JavaThread "http-nio-8080-exec-4" daemon [_thread_blocked, id=18320, stack(0x000000fdc8d00000,0x000000fdc8e00000)]
  0x000002f3fb31e340 JavaThread "http-nio-8080-exec-5" daemon [_thread_blocked, id=9180, stack(0x000000fdc8e00000,0x000000fdc8f00000)]
  0x000002f3fb31fb50 JavaThread "http-nio-8080-exec-6" daemon [_thread_blocked, id=12044, stack(0x000000fdc8f00000,0x000000fdc9000000)]
  0x000002f3fb31f680 JavaThread "http-nio-8080-exec-7" daemon [_thread_blocked, id=14716, stack(0x000000fdc9000000,0x000000fdc9100000)]
  0x000002f3fbb86210 JavaThread "http-nio-8080-exec-8" daemon [_thread_blocked, id=17872, stack(0x000000fdc9100000,0x000000fdc9200000)]
  0x000002f3fbb88890 JavaThread "http-nio-8080-exec-9" daemon [_thread_blocked, id=17532, stack(0x000000fdc9200000,0x000000fdc9300000)]
  0x000002f3fbb8b3e0 JavaThread "http-nio-8080-exec-10" daemon [_thread_blocked, id=7940, stack(0x000000fdc9300000,0x000000fdc9400000)]
  0x000002f3fbb87ef0 JavaThread "http-nio-8080-Poller" daemon [_thread_blocked, id=18128, stack(0x000000fdc9400000,0x000000fdc9500000)]
  0x000002f3fbb84530 JavaThread "http-nio-8080-Acceptor" daemon [_thread_in_native, id=11164, stack(0x000000fdc9500000,0x000000fdc9600000)]
  0x000002f3fbb87080 JavaThread "DestroyJavaVM" [_thread_blocked, id=16784, stack(0x000000fdc6600000,0x000000fdc6700000)]

Other Threads:
  0x000002f3f781ad40 VMThread "VM Thread" [stack: 0x000000fdc6c00000,0x000000fdc6d00000] [id=5812]
  0x000002f3f8526d10 WatcherThread [stack: 0x000000fdc7900000,0x000000fdc7a00000] [id=16668]
  0x000002f3d4bea7d0 GCTaskThread "GC Thread#0" [stack: 0x000000fdc6700000,0x000000fdc6800000] [id=92]
  0x000002f3f8e110b0 GCTaskThread "GC Thread#1" [stack: 0x000000fdc7b00000,0x000000fdc7c00000] [id=13620]
  0x000002f3f8e11360 GCTaskThread "GC Thread#2" [stack: 0x000000fdc7c00000,0x000000fdc7d00000] [id=8244]
  0x000002f3f8e11610 GCTaskThread "GC Thread#3" [stack: 0x000000fdc7d00000,0x000000fdc7e00000] [id=9888]
  0x000002f3f8e11d40 GCTaskThread "GC Thread#4" [stack: 0x000000fdc7e00000,0x000000fdc7f00000] [id=1352]
  0x000002f3f8e11ff0 GCTaskThread "GC Thread#5" [stack: 0x000000fdc7f00000,0x000000fdc8000000] [id=17428]
  0x000002f3f8fa8730 GCTaskThread "GC Thread#6" [stack: 0x000000fdc8000000,0x000000fdc8100000] [id=18376]
  0x000002f3f8fa8df0 GCTaskThread "GC Thread#7" [stack: 0x000000fdc8100000,0x000000fdc8200000] [id=14564]
  0x000002f3d4bfb4e0 ConcurrentGCThread "G1 Main Marker" [stack: 0x000000fdc6800000,0x000000fdc6900000] [id=2948]
  0x000002f3d4bfbef0 ConcurrentGCThread "G1 Conc#0" [stack: 0x000000fdc6900000,0x000000fdc6a00000] [id=13800]
  0x000002f3f9f86d40 ConcurrentGCThread "G1 Conc#1" [stack: 0x000000fdc8200000,0x000000fdc8300000] [id=9072]
  0x000002f3f76d4c70 ConcurrentGCThread "G1 Refine#0" [stack: 0x000000fdc6a00000,0x000000fdc6b00000] [id=2076]
  0x000002f3f76d54a0 ConcurrentGCThread "G1 Service" [stack: 0x000000fdc6b00000,0x000000fdc6c00000] [id=14400]

Threads with active compile tasks:
C2 CompilerThread0    18025 8991       4       org.springframework.web.servlet.mvc.method.RequestMappingInfo::getMatchingCondition (182 bytes)
C2 CompilerThread1    18025 9005       4       org.springframework.web.cors.CorsConfiguration::checkHeaders (194 bytes)

VM state: not at safepoint (normal execution)

VM Mutex/Monitor currently owned by a thread:  ([mutex/lock_event])
[0x000002f3d4b96330] Heap_lock - owner thread: 0x000002f3d4bfb4e0

Heap address: 0x0000000702200000, size: 4062 MB, Compressed Oops mode: Zero based, Oop shift amount: 3

CDS archive(s) mapped at: [0x0000000800000000-0x0000000800bc0000-0x0000000800bc0000), size 12320768, SharedBaseAddress: 0x0000000800000000, ArchiveRelocationMode: 0.
Compressed class space mapped at: 0x0000000800c00000-0x0000000840c00000, reserved size: 1073741824
Narrow klass base: 0x0000000800000000, Narrow klass shift: 0, Narrow klass range: 0x100000000

GC Precious Log:
 CPUs: 8 total, 8 available
 Memory: 16245M
 Large Page Support: Disabled
 NUMA Support: Disabled
 Compressed Oops: Enabled (Zero based)
 Heap Region Size: 2M
 Heap Min Capacity: 8M
 Heap Initial Capacity: 254M
 Heap Max Capacity: 4062M
 Pre-touch: Disabled
 Parallel Workers: 8
 Concurrent Workers: 2
 Concurrent Refinement Workers: 8
 Periodic GC: Disabled

Heap:
 garbage-first heap   total 55296K, used 26496K [0x0000000702200000, 0x0000000800000000)
  region size 2048K, 2 young (4096K), 1 survivors (2048K)
 Metaspace       used 59831K, committed 60224K, reserved 1105920K
  class space    used 7738K, committed 7936K, reserved 1048576K

Heap Regions: E=young(eden), S=young(survivor), O=old, HS=humongous(starts), HC=humongous(continues), CS=collection set, F=free, OA=open archive, CA=closed archive, TAMS=top-at-mark-start (previous, next)
|   0|0x0000000702200000, 0x0000000702400000, 0x0000000702400000|100%| O|  |TAMS 0x0000000702400000, 0x0000000702200000| Untracked 
|   1|0x0000000702400000, 0x0000000702600000, 0x0000000702600000|100%| O|  |TAMS 0x0000000702600000, 0x0000000702400000| Untracked 
|   2|0x0000000702600000, 0x0000000702800000, 0x0000000702800000|100%| O|  |TAMS 0x0000000702800000, 0x0000000702600000| Untracked 
|   3|0x0000000702800000, 0x0000000702a00000, 0x0000000702a00000|100%| O|  |TAMS 0x0000000702a00000, 0x0000000702800000| Untracked 
|   4|0x0000000702a00000, 0x0000000702c00000, 0x0000000702c00000|100%| O|  |TAMS 0x0000000702c00000, 0x0000000702a00000| Untracked 
|   5|0x0000000702c00000, 0x0000000702e00000, 0x0000000702e00000|100%| O|  |TAMS 0x0000000702e00000, 0x0000000702c00000| Updating 
|   6|0x0000000702e00000, 0x0000000703000000, 0x0000000703000000|100%| O|  |TAMS 0x0000000703000000, 0x0000000702e00000| Updating 
|   7|0x0000000703000000, 0x0000000703200000, 0x0000000703200000|100%| O|  |TAMS 0x0000000703200000, 0x0000000703000000| Untracked 
|   8|0x0000000703200000, 0x0000000703400000, 0x0000000703400000|100%| O|  |TAMS 0x0000000703400000, 0x0000000703200000| Updating 
|   9|0x0000000703400000, 0x0000000703600000, 0x0000000703600000|100%| O|  |TAMS 0x0000000703600000, 0x0000000703400000| Updating 
|  10|0x0000000703600000, 0x0000000703800000, 0x0000000703800000|100%| O|  |TAMS 0x0000000703800000, 0x0000000703600000| Updating 
|  11|0x0000000703800000, 0x0000000703a00000, 0x0000000703a00000|100%| O|  |TAMS 0x0000000703a00000, 0x0000000703800000| Untracked 
|  12|0x0000000703a00000, 0x0000000703ab7c00, 0x0000000703c00000| 35%| O|  |TAMS 0x0000000703ab7c00, 0x0000000703a00000| Updating 
|  13|0x0000000703c00000, 0x0000000703c00000, 0x0000000703e00000|  0%| F|  |TAMS 0x0000000703c00000, 0x0000000703c00000| Untracked 
|  14|0x0000000703e00000, 0x0000000703e00000, 0x0000000704000000|  0%| F|  |TAMS 0x0000000703e00000, 0x0000000703e00000| Untracked 
|  15|0x0000000704000000, 0x0000000704000000, 0x0000000704200000|  0%| F|  |TAMS 0x0000000704000000, 0x0000000704000000| Untracked 
|  16|0x0000000704200000, 0x00000007043286c0, 0x0000000704400000| 57%| S|CS|TAMS 0x0000000704200000, 0x0000000704200000| Complete 
|  17|0x0000000704400000, 0x0000000704400000, 0x0000000704600000|  0%| F|  |TAMS 0x0000000704400000, 0x0000000704400000| Untracked 
|  18|0x0000000704600000, 0x0000000704600000, 0x0000000704800000|  0%| F|  |TAMS 0x0000000704600000, 0x0000000704600000| Untracked 
|  19|0x0000000704800000, 0x0000000704800000, 0x0000000704a00000|  0%| F|  |TAMS 0x0000000704800000, 0x0000000704800000| Untracked 
|  20|0x0000000704a00000, 0x0000000704a00000, 0x0000000704c00000|  0%| F|  |TAMS 0x0000000704a00000, 0x0000000704a00000| Untracked 
|  21|0x0000000704c00000, 0x0000000704c00000, 0x0000000704e00000|  0%| F|  |TAMS 0x0000000704c00000, 0x0000000704c00000| Untracked 
|  22|0x0000000704e00000, 0x0000000704e00000, 0x0000000705000000|  0%| F|  |TAMS 0x0000000704e00000, 0x0000000704e00000| Untracked 
|  96|0x000000070e200000, 0x000000070e200000, 0x000000070e400000|  0%| F|  |TAMS 0x000000070e200000, 0x000000070e200000| Untracked 
|  97|0x000000070e400000, 0x000000070e400000, 0x000000070e600000|  0%| F|  |TAMS 0x000000070e400000, 0x000000070e400000| Untracked 
|  98|0x000000070e600000, 0x000000070e600000, 0x000000070e800000|  0%| F|  |TAMS 0x000000070e600000, 0x000000070e600000| Untracked 
| 126|0x0000000711e00000, 0x0000000711eca700, 0x0000000712000000| 39%| E|  |TAMS 0x0000000711e00000, 0x0000000711e00000| Complete 

Card table byte_map: [0x000002f3ebf10000,0x000002f3ec700000] _byte_map_base: 0x000002f3e86ff000

Marking Bits (Prev, Next): (CMBitMap*) 0x000002f3d4beae20, (CMBitMap*) 0x000002f3d4beade0
 Prev Bits: [0x000002f3f0e70000, 0x000002f3f4de8000)
 Next Bits: [0x000002f3ecef0000, 0x000002f3f0e68000)

Polling page: 0x000002f3d4370000

Metaspace:

Usage:
  Non-class:     50.87 MB used.
      Class:      7.56 MB used.
       Both:     58.43 MB used.

Virtual space:
  Non-class space:       56.00 MB reserved,      51.06 MB ( 91%) committed,  7 nodes.
      Class space:        1.00 GB reserved,       7.75 MB ( <1%) committed,  1 nodes.
             Both:        1.05 GB reserved,      58.81 MB (  5%) committed. 

Chunk freelists:
   Non-Class:  480.00 KB
       Class:  204.00 KB
        Both:  684.00 KB

MaxMetaspaceSize: unlimited
CompressedClassSpaceSize: 1.00 GB
Initial GC threshold: 21.00 MB
Current GC threshold: 98.06 MB
CDS: on
MetaspaceReclaimPolicy: balanced
 - commit_granule_bytes: 65536.
 - commit_granule_words: 8192.
 - virtual_space_node_default_size: 1048576.
 - enlarge_chunks_in_place: 1.
 - new_chunks_are_fully_committed: 0.
 - uncommit_free_chunks: 1.
 - use_allocation_guard: 0.
 - handle_deallocations: 1.


Internal statistics:

num_allocs_failed_limit: 6.
num_arena_births: 430.
num_arena_deaths: 0.
num_vsnodes_births: 8.
num_vsnodes_deaths: 0.
num_space_committed: 941.
num_space_uncommitted: 0.
num_chunks_returned_to_freelist: 6.
num_chunks_taken_from_freelist: 2545.
num_chunk_merges: 3.
num_chunk_splits: 1779.
num_chunks_enlarged: 1398.
num_purges: 0.
num_inconsistent_stats: 0.

CodeHeap 'non-profiled nmethods': size=120000Kb used=5499Kb max_used=5499Kb free=114500Kb
 bounds [0x000002f3e3ec0000, 0x000002f3e4430000, 0x000002f3eb3f0000]
CodeHeap 'profiled nmethods': size=120000Kb used=15967Kb max_used=18454Kb free=104032Kb
 bounds [0x000002f3dc990000, 0x000002f3ddba0000, 0x000002f3e3ec0000]
CodeHeap 'non-nmethods': size=5760Kb used=1313Kb max_used=1378Kb free=4447Kb
 bounds [0x000002f3dc3f0000, 0x000002f3dc660000, 0x000002f3dc990000]
 total_blobs=7967 nmethods=7340 adapters=538
 compilation: enabled
              stopped_count=0, restarted_count=0
 full_count=0

Compilation events (20 events):
Event: 17.736 Thread 0x000002f3f9239a70 nmethod 8990 0x000002f3e4055310 code [0x000002f3e40554e0, 0x000002f3e4056328]
Event: 17.737 Thread 0x000002f3f9239a70 8992       4       com.fasterxml.jackson.databind.type.SimpleType::equals (62 bytes)
Event: 17.737 Thread 0x000002f3f9239a70 nmethod 8992 0x000002f3e40c9410 code [0x000002f3e40c9580, 0x000002f3e40c9618]
Event: 17.750 Thread 0x000002f3f9239a70 8993       4       org.apache.tomcat.util.buf.CharChunk::toStringInternal (25 bytes)
Event: 17.753 Thread 0x000002f3f9239a70 nmethod 8993 0x000002f3e40c8990 code [0x000002f3e40c8b20, 0x000002f3e40c8ff8]
Event: 17.753 Thread 0x000002f3f9239a70 8994       4       org.springframework.web.servlet.mvc.condition.ParamsRequestCondition::getMatchingCondition (44 bytes)
Event: 17.754 Thread 0x000002f3f9239a70 nmethod 8994 0x000002f3e4055010 code [0x000002f3e4055180, 0x000002f3e4055238]
Event: 17.754 Thread 0x000002f3f9239a70 8995       4       org.springframework.web.util.UrlPathHelper$1::removeSemicolonContent (2 bytes)
Event: 17.754 Thread 0x000002f3f9239a70 nmethod 8995 0x000002f3e4054d10 code [0x000002f3e4054e80, 0x000002f3e4054ef8]
Event: 17.768 Thread 0x000002f3f9239a70 8996   !   4       org.springframework.web.servlet.mvc.condition.ConsumesRequestCondition::getMatchingCondition (99 bytes)
Event: 17.771 Thread 0x000002f3f9239a70 nmethod 8996 0x000002f3e4054510 code [0x000002f3e40546c0, 0x000002f3e4054a58]
Event: 17.780 Thread 0x000002f3f9239a70 8997       4       org.springframework.web.servlet.mvc.condition.RequestConditionHolder::getMatchingCondition (40 bytes)
Event: 17.781 Thread 0x000002f3f9239a70 nmethod 8997 0x000002f3e4054210 code [0x000002f3e4054380, 0x000002f3e4054418]
Event: 17.798 Thread 0x000002f3f9239a70 8998       4       java.nio.ByteBuffer::clear (7 bytes)
Event: 17.798 Thread 0x000002f3f9239a70 nmethod 8998 0x000002f3e4053f10 code [0x000002f3e4054080, 0x000002f3e4054118]
Event: 17.818 Thread 0x000002f3f9239a70 8999       4       org.apache.tomcat.util.http.parser.HttpParser::readHostDomainName (41 bytes)
Event: 17.821 Thread 0x000002f3f9239a70 nmethod 8999 0x000002f3e4053890 code [0x000002f3e4053a20, 0x000002f3e4053c98]
Event: 17.822 Thread 0x000002f3f9239a70 9000   !   4       org.springframework.web.servlet.mvc.condition.ProducesRequestCondition::getMatchingCondition (71 bytes)
Event: 17.855 Thread 0x000002f3f783dca0 9002       3       java.util.TreeMap$Values::iterator (19 bytes)
Event: 17.855 Thread 0x000002f3f783dca0 nmethod 9002 0x000002f3dc9f5790 code [0x000002f3dc9f5960, 0x000002f3dc9f5eb8]

GC Heap History (20 events):
Event: 11.748 GC heap before
{Heap before GC invocations=16 (full 0):
 garbage-first heap   total 55296K, used 40900K [0x0000000702200000, 0x0000000800000000)
  region size 2048K, 9 young (18432K), 2 survivors (4096K)
 Metaspace       used 58763K, committed 59200K, reserved 1105920K
  class space    used 7735K, committed 7936K, reserved 1048576K
}
Event: 11.751 GC heap after
{Heap after GC invocations=17 (full 0):
 garbage-first heap   total 55296K, used 26635K [0x0000000702200000, 0x0000000800000000)
  region size 2048K, 1 young (2048K), 1 survivors (2048K)
 Metaspace       used 58763K, committed 59200K, reserved 1105920K
  class space    used 7735K, committed 7936K, reserved 1048576K
}
Event: 12.407 GC heap before
{Heap before GC invocations=17 (full 0):
 garbage-first heap   total 55296K, used 43019K [0x0000000702200000, 0x0000000800000000)
  region size 2048K, 9 young (18432K), 1 survivors (2048K)
 Metaspace       used 59142K, committed 59520K, reserved 1105920K
  class space    used 7736K, committed 7936K, reserved 1048576K
}
Event: 12.409 GC heap after
{Heap after GC invocations=18 (full 0):
 garbage-first heap   total 55296K, used 26504K [0x0000000702200000, 0x0000000800000000)
  region size 2048K, 1 young (2048K), 1 survivors (2048K)
 Metaspace       used 59142K, committed 59520K, reserved 1105920K
  class space    used 7736K, committed 7936K, reserved 1048576K
}
Event: 13.072 GC heap before
{Heap before GC invocations=19 (full 0):
 garbage-first heap   total 55296K, used 40840K [0x0000000702200000, 0x0000000800000000)
  region size 2048K, 9 young (18432K), 1 survivors (2048K)
 Metaspace       used 59319K, committed 59712K, reserved 1105920K
  class space    used 7736K, committed 7936K, reserved 1048576K
}
Event: 13.075 GC heap after
{Heap after GC invocations=20 (full 0):
 garbage-first heap   total 55296K, used 26593K [0x0000000702200000, 0x0000000800000000)
  region size 2048K, 1 young (2048K), 1 survivors (2048K)
 Metaspace       used 59319K, committed 59712K, reserved 1105920K
  class space    used 7736K, committed 7936K, reserved 1048576K
}
Event: 13.699 GC heap before
{Heap before GC invocations=20 (full 0):
 garbage-first heap   total 55296K, used 42977K [0x0000000702200000, 0x0000000800000000)
  region size 2048K, 9 young (18432K), 1 survivors (2048K)
 Metaspace       used 59583K, committed 59968K, reserved 1105920K
  class space    used 7736K, committed 7936K, reserved 1048576K
}
Event: 13.701 GC heap after
{Heap after GC invocations=21 (full 0):
 garbage-first heap   total 55296K, used 26517K [0x0000000702200000, 0x0000000800000000)
  region size 2048K, 1 young (2048K), 1 survivors (2048K)
 Metaspace       used 59583K, committed 59968K, reserved 1105920K
  class space    used 7736K, committed 7936K, reserved 1048576K
}
Event: 14.350 GC heap before
{Heap before GC invocations=22 (full 0):
 garbage-first heap   total 55296K, used 42901K [0x0000000702200000, 0x0000000800000000)
  region size 2048K, 9 young (18432K), 1 survivors (2048K)
 Metaspace       used 59804K, committed 60160K, reserved 1105920K
  class space    used 7736K, committed 7936K, reserved 1048576K
}
Event: 14.353 GC heap after
{Heap after GC invocations=23 (full 0):
 garbage-first heap   total 55296K, used 26521K [0x0000000702200000, 0x0000000800000000)
  region size 2048K, 1 young (2048K), 1 survivors (2048K)
 Metaspace       used 59804K, committed 60160K, reserved 1105920K
  class space    used 7736K, committed 7936K, reserved 1048576K
}
Event: 14.990 GC heap before
{Heap before GC invocations=23 (full 0):
 garbage-first heap   total 55296K, used 44953K [0x0000000702200000, 0x0000000800000000)
  region size 2048K, 10 young (20480K), 1 survivors (2048K)
 Metaspace       used 59827K, committed 60224K, reserved 1105920K
  class space    used 7738K, committed 7936K, reserved 1048576K
}
Event: 14.994 GC heap after
{Heap after GC invocations=24 (full 0):
 garbage-first heap   total 55296K, used 26482K [0x0000000702200000, 0x0000000800000000)
  region size 2048K, 1 young (2048K), 1 survivors (2048K)
 Metaspace       used 59827K, committed 60224K, reserved 1105920K
  class space    used 7738K, committed 7936K, reserved 1048576K
}
Event: 15.569 GC heap before
{Heap before GC invocations=25 (full 0):
 garbage-first heap   total 55296K, used 44914K [0x0000000702200000, 0x0000000800000000)
  region size 2048K, 10 young (20480K), 1 survivors (2048K)
 Metaspace       used 59827K, committed 60224K, reserved 1105920K
  class space    used 7738K, committed 7936K, reserved 1048576K
}
Event: 15.572 GC heap after
{Heap after GC invocations=26 (full 0):
 garbage-first heap   total 55296K, used 26516K [0x0000000702200000, 0x0000000800000000)
  region size 2048K, 1 young (2048K), 1 survivors (2048K)
 Metaspace       used 59827K, committed 60224K, reserved 1105920K
  class space    used 7738K, committed 7936K, reserved 1048576K
}
Event: 16.400 GC heap before
{Heap before GC invocations=26 (full 0):
 garbage-first heap   total 55296K, used 44948K [0x0000000702200000, 0x0000000800000000)
  region size 2048K, 10 young (20480K), 1 survivors (2048K)
 Metaspace       used 59831K, committed 60224K, reserved 1105920K
  class space    used 7738K, committed 7936K, reserved 1048576K
}
Event: 16.403 GC heap after
{Heap after GC invocations=27 (full 0):
 garbage-first heap   total 55296K, used 26529K [0x0000000702200000, 0x0000000800000000)
  region size 2048K, 1 young (2048K), 1 survivors (2048K)
 Metaspace       used 59831K, committed 60224K, reserved 1105920K
  class space    used 7738K, committed 7936K, reserved 1048576K
}
Event: 17.059 GC heap before
{Heap before GC invocations=28 (full 0):
 garbage-first heap   total 55296K, used 44961K [0x0000000702200000, 0x0000000800000000)
  region size 2048K, 10 young (20480K), 1 survivors (2048K)
 Metaspace       used 59831K, committed 60224K, reserved 1105920K
  class space    used 7738K, committed 7936K, reserved 1048576K
}
Event: 17.063 GC heap after
{Heap after GC invocations=29 (full 0):
 garbage-first heap   total 55296K, used 26540K [0x0000000702200000, 0x0000000800000000)
  region size 2048K, 1 young (2048K), 1 survivors (2048K)
 Metaspace       used 59831K, committed 60224K, reserved 1105920K
  class space    used 7738K, committed 7936K, reserved 1048576K
}
Event: 17.983 GC heap before
{Heap before GC invocations=29 (full 0):
 garbage-first heap   total 55296K, used 44972K [0x0000000702200000, 0x0000000800000000)
  region size 2048K, 10 young (20480K), 1 survivors (2048K)
 Metaspace       used 59831K, committed 60224K, reserved 1105920K
  class space    used 7738K, committed 7936K, reserved 1048576K
}
Event: 17.987 GC heap after
{Heap after GC invocations=30 (full 0):
 garbage-first heap   total 55296K, used 26496K [0x0000000702200000, 0x0000000800000000)
  region size 2048K, 1 young (2048K), 1 survivors (2048K)
 Metaspace       used 59831K, committed 60224K, reserved 1105920K
  class space    used 7738K, committed 7936K, reserved 1048576K
}

Deoptimization events (20 events):
Event: 13.930 Thread 0x000002f3fb31e340 Uncommon trap: trap_request=0xffffffbe fr.pc=0x000002f3e435f804 relative=0x00000000000004a4
Event: 13.930 Thread 0x000002f3fb31e340 Uncommon trap: reason=profile_predicate action=maybe_recompile pc=0x000002f3e435f804 method=org.apache.tomcat.util.buf.AbstractChunk.indexOf(Ljava/lang/String;III)I @ 29 c2
Event: 13.930 Thread 0x000002f3fb31e340 DEOPT PACKING pc=0x000002f3e435f804 sp=0x000000fdc8efebe0
Event: 13.930 Thread 0x000002f3fb31e340 DEOPT UNPACKING pc=0x000002f3dc4423a3 sp=0x000000fdc8efeb68 mode 2
Event: 13.950 Thread 0x000002f3fb321d00 Uncommon trap: trap_request=0xffffffbe fr.pc=0x000002f3e435f804 relative=0x00000000000004a4
Event: 13.950 Thread 0x000002f3fb321d00 Uncommon trap: reason=profile_predicate action=maybe_recompile pc=0x000002f3e435f804 method=org.apache.tomcat.util.buf.AbstractChunk.indexOf(Ljava/lang/String;III)I @ 29 c2
Event: 13.950 Thread 0x000002f3fb321d00 DEOPT PACKING pc=0x000002f3e435f804 sp=0x000000fdc8dfe510
Event: 13.950 Thread 0x000002f3fb321d00 DEOPT UNPACKING pc=0x000002f3dc4423a3 sp=0x000000fdc8dfe498 mode 2
Event: 13.950 Thread 0x000002f3fb321d00 Uncommon trap: trap_request=0xffffffbe fr.pc=0x000002f3e435f804 relative=0x00000000000004a4
Event: 13.950 Thread 0x000002f3fb321d00 Uncommon trap: reason=profile_predicate action=maybe_recompile pc=0x000002f3e435f804 method=org.apache.tomcat.util.buf.AbstractChunk.indexOf(Ljava/lang/String;III)I @ 29 c2
Event: 13.950 Thread 0x000002f3fb321d00 DEOPT PACKING pc=0x000002f3e435f804 sp=0x000000fdc8dfe510
Event: 13.950 Thread 0x000002f3fb321d00 DEOPT UNPACKING pc=0x000002f3dc4423a3 sp=0x000000fdc8dfe498 mode 2
Event: 14.937 Thread 0x000002f3fb320020 Uncommon trap: trap_request=0xffffff45 fr.pc=0x000002f3e42eef18 relative=0x0000000000002a58
Event: 14.937 Thread 0x000002f3fb320020 Uncommon trap: reason=unstable_if action=reinterpret pc=0x000002f3e42eef18 method=java.util.TreeMap.compare(Ljava/lang/Object;Ljava/lang/Object;)I @ 4 c2
Event: 14.937 Thread 0x000002f3fb320020 DEOPT PACKING pc=0x000002f3e42eef18 sp=0x000000fdc84fe980
Event: 14.937 Thread 0x000002f3fb320020 DEOPT UNPACKING pc=0x000002f3dc4423a3 sp=0x000000fdc84fe860 mode 2
Event: 15.172 Thread 0x000002f3fb321360 DEOPT PACKING pc=0x000002f3dd80b3f9 sp=0x000000fdc83fe680
Event: 15.172 Thread 0x000002f3fb321360 DEOPT UNPACKING pc=0x000002f3dc442b43 sp=0x000000fdc83fdb28 mode 0
Event: 15.442 Thread 0x000002f3fbb88890 DEOPT PACKING pc=0x000002f3dd80b3f9 sp=0x000000fdc92fed70
Event: 15.442 Thread 0x000002f3fbb88890 DEOPT UNPACKING pc=0x000002f3dc442b43 sp=0x000000fdc92fe218 mode 0

Classes unloaded (0 events):
No events

Classes redefined (0 events):
No events

Internal exceptions (20 events):
Event: 9.108 Thread 0x000002f3d4b9aac0 Exception <a 'java/lang/ClassNotFoundException'{0x00000007046e7368}: pl/sk/comment/CommentCustomizer> (0x00000007046e7368) 
thrown [t:\workspace\open\src\hotspot\share\classfile\systemDictionary.cpp, line 256]
Event: 9.162 Thread 0x000002f3d4b9aac0 Exception <a 'java/lang/reflect/InvocationTargetException'{0x000000070e7941c0}> (0x000000070e7941c0) 
thrown [t:\workspace\open\src\hotspot\share\runtime\reflection.cpp, line 1121]
Event: 9.189 Thread 0x000002f3d4b9aac0 Exception <a 'java/lang/ClassNotFoundException'{0x000000070e472df8}: java/lang/ObjectCustomizer> (0x000000070e472df8) 
thrown [t:\workspace\open\src\hotspot\share\classfile\systemDictionary.cpp, line 256]
Event: 9.190 Thread 0x000002f3d4b9aac0 Exception <a 'java/lang/ClassNotFoundException'{0x000000070e479d98}: org/springframework/security/config/annotation/web/configuration/WebSecurityConfigurationCustomizer> (0x000000070e479d98) 
thrown [t:\workspace\open\src\hotspot\share\classfile\systemDictionary.cpp, line 256]
Event: 9.192 Thread 0x000002f3d4b9aac0 Exception <a 'java/lang/ClassNotFoundException'{0x000000070e487238}: org/springframework/context/annotation/ImportAwareCustomizer> (0x000000070e487238) 
thrown [t:\workspace\open\src\hotspot\share\classfile\systemDictionary.cpp, line 256]
Event: 9.192 Thread 0x000002f3d4b9aac0 Exception <a 'java/lang/ClassNotFoundException'{0x000000070e48b278}: org/springframework/beans/factory/AwareCustomizer> (0x000000070e48b278) 
thrown [t:\workspace\open\src\hotspot\share\classfile\systemDictionary.cpp, line 256]
Event: 9.192 Thread 0x000002f3d4b9aac0 Exception <a 'java/lang/ClassNotFoundException'{0x000000070e48e6a8}: org/springframework/beans/factory/BeanClassLoaderAwareCustomizer> (0x000000070e48e6a8) 
thrown [t:\workspace\open\src\hotspot\share\classfile\systemDictionary.cpp, line 256]
Event: 9.193 Thread 0x000002f3d4b9aac0 Exception <a 'java/lang/ClassNotFoundException'{0x000000070e493120}: org/springframework/beans/factory/AwareCustomizer> (0x000000070e493120) 
thrown [t:\workspace\open\src\hotspot\share\classfile\systemDictionary.cpp, line 256]
Event: 9.285 Thread 0x000002f3d4b9aac0 Implicit null exception at 0x000002f3e3f986bd to 0x000002f3e3f9877a
Event: 9.470 Thread 0x000002f3d4b9aac0 Exception <a 'java/lang/ClassNotFoundException'{0x0000000704b17d08}: java/lang/ObjectCustomizer> (0x0000000704b17d08) 
thrown [t:\workspace\open\src\hotspot\share\classfile\systemDictionary.cpp, line 256]
Event: 9.471 Thread 0x000002f3d4b9aac0 Exception <a 'java/lang/ClassNotFoundException'{0x0000000704b1eca8}: org/springframework/security/config/annotation/web/configuration/HttpSecurityConfigurationCustomizer> (0x0000000704b1eca8) 
thrown [t:\workspace\open\src\hotspot\share\classfile\systemDictionary.cpp, line 256]
Event: 9.632 Thread 0x000002f3d4b9aac0 Exception <a 'java/lang/NoSuchMethodError'{0x0000000711f25698}: 'void java.lang.invoke.DirectMethodHandle$Holder.invokeVirtual(java.lang.Object, java.lang.Object, int)'> (0x0000000711f25698) 
thrown [t:\workspace\open\src\hotspot\share\interpreter\linkResolver.cpp, line 766]
Event: 9.635 Thread 0x000002f3d4b9aac0 Exception <a 'java/lang/NoSuchMethodError'{0x0000000711f40510}: 'void java.lang.invoke.DirectMethodHandle$Holder.invokeVirtual(java.lang.Object, java.lang.Object, long)'> (0x0000000711f40510) 
thrown [t:\workspace\open\src\hotspot\share\interpreter\linkResolver.cpp, line 766]
Event: 9.795 Thread 0x000002f3d4b9aac0 Exception <a 'java/lang/IncompatibleClassChangeError'{0x000000070e5d4ce8}: Found class java.lang.Object, but interface was expected> (0x000000070e5d4ce8) 
thrown [t:\workspace\open\src\hotspot\share\interpreter\linkResolver.cpp, line 833]
Event: 9.934 Thread 0x000002f3d4b9aac0 Implicit null exception at 0x000002f3e3fd2e5a to 0x000002f3e3fd30a4
Event: 10.079 Thread 0x000002f3d4b9aac0 Exception <a 'java/lang/NoSuchMethodError'{0x0000000704d7eac8}: 'java.lang.Object java.lang.invoke.DirectMethodHandle$Holder.invokeSpecial(java.lang.Object, java.lang.Object, int, java.lang.Object, int, java.lang.Object)'> (0x0000000704d7eac8) 
thrown [t:\workspace\open\src\hotspot\share\interpreter\linkResolver.cpp, line 766]
Event: 10.079 Thread 0x000002f3d4b9aac0 Exception <a 'java/lang/NoSuchMethodError'{0x0000000704d86c10}: 'java.lang.Object java.lang.invoke.DirectMethodHandle$Holder.newInvokeSpecial(java.lang.Object, java.lang.Object, int, java.lang.Object, int)'> (0x0000000704d86c10) 
thrown [t:\workspace\open\src\hotspot\share\interpreter\linkResolver.cpp, line 766]
Event: 10.080 Thread 0x000002f3d4b9aac0 Exception <a 'java/lang/NoSuchMethodError'{0x0000000704d8ad10}: 'java.lang.Object java.lang.invoke.DirectMethodHandle$Holder.invokeSpecial(java.lang.Object, java.lang.Object, java.lang.Object, int, java.lang.Object, int)'> (0x0000000704d8ad10) 
thrown [t:\workspace\open\src\hotspot\share\interpreter\linkResolver.cpp, line 766]
Event: 10.081 Thread 0x000002f3d4b9aac0 Exception <a 'java/lang/NoSuchMethodError'{0x0000000704d94660}: 'void java.lang.invoke.DirectMethodHandle$Holder.invokeVirtual(java.lang.Object, java.lang.Object)'> (0x0000000704d94660) 
thrown [t:\workspace\open\src\hotspot\share\interpreter\linkResolver.cpp, line 766]
Event: 13.054 Thread 0x000002f3fb31f680 Implicit null exception at 0x000002f3e43003f2 to 0x000002f3e4300be8

VM Operations (20 events):
Event: 15.048 Executing VM operation: G1Concurrent
Event: 15.049 Executing VM operation: G1Concurrent done
Event: 15.569 Executing VM operation: G1CollectForAllocation
Event: 15.573 Executing VM operation: G1CollectForAllocation done
Event: 16.224 Executing VM operation: HandshakeAllThreads
Event: 16.224 Executing VM operation: HandshakeAllThreads done
Event: 16.336 Executing VM operation: HandshakeAllThreads
Event: 16.336 Executing VM operation: HandshakeAllThreads done
Event: 16.387 Executing VM operation: HandshakeAllThreads
Event: 16.387 Executing VM operation: HandshakeAllThreads done
Event: 16.400 Executing VM operation: G1CollectForAllocation
Event: 16.403 Executing VM operation: G1CollectForAllocation done
Event: 16.435 Executing VM operation: G1Concurrent
Event: 16.438 Executing VM operation: G1Concurrent done
Event: 16.450 Executing VM operation: G1Concurrent
Event: 16.450 Executing VM operation: G1Concurrent done
Event: 17.059 Executing VM operation: G1CollectForAllocation
Event: 17.065 Executing VM operation: G1CollectForAllocation done
Event: 17.983 Executing VM operation: G1CollectForAllocation
Event: 17.987 Executing VM operation: G1CollectForAllocation done

Events (20 events):
Event: 16.404 Thread 0x000002f3f8440400 flushing nmethod 0x000002f3dd8e8c90
Event: 16.404 Thread 0x000002f3f8440400 flushing nmethod 0x000002f3dd8fc790
Event: 16.404 Thread 0x000002f3f8440400 flushing nmethod 0x000002f3dd90d090
Event: 16.404 Thread 0x000002f3f8440400 flushing nmethod 0x000002f3dd90e210
Event: 16.404 Thread 0x000002f3f8440400 flushing nmethod 0x000002f3dd914d90
Event: 16.404 Thread 0x000002f3f8440400 flushing nmethod 0x000002f3dd915610
Event: 16.404 Thread 0x000002f3f8440400 flushing nmethod 0x000002f3dd92f510
Event: 16.404 Thread 0x000002f3f8440400 flushing nmethod 0x000002f3dd964390
Event: 16.404 Thread 0x000002f3f8440400 flushing nmethod 0x000002f3dd965290
Event: 16.404 Thread 0x000002f3f8440400 flushing nmethod 0x000002f3dd96c290
Event: 16.404 Thread 0x000002f3f8440400 flushing nmethod 0x000002f3dd96db90
Event: 16.404 Thread 0x000002f3f8440400 flushing nmethod 0x000002f3dd975510
Event: 16.404 Thread 0x000002f3f8440400 flushing nmethod 0x000002f3dd994690
Event: 16.404 Thread 0x000002f3f8440400 flushing nmethod 0x000002f3dd994c90
Event: 16.404 Thread 0x000002f3f8440400 flushing nmethod 0x000002f3dd995590
Event: 16.404 Thread 0x000002f3f8440400 flushing nmethod 0x000002f3dd998190
Event: 16.404 Thread 0x000002f3f8440400 flushing nmethod 0x000002f3dd99c810
Event: 16.405 Thread 0x000002f3f8440400 flushing nmethod 0x000002f3dda6fc90
Event: 17.696 loading class jdk/internal/misc/ScopedMemoryAccess$Scope$Handle
Event: 17.696 loading class jdk/internal/misc/ScopedMemoryAccess$Scope$Handle done


Dynamic libraries:
0x00007ff6878d0000 - 0x00007ff6878e0000 	C:\Program Files\Java\jdk-17.0.2\bin\java.exe
0x00007ff819730000 - 0x00007ff819925000 	C:\WINDOWS\SYSTEM32\ntdll.dll
0x00007ff817d10000 - 0x00007ff817dce000 	C:\WINDOWS\System32\KERNEL32.DLL
0x00007ff8174c0000 - 0x00007ff817788000 	C:\WINDOWS\System32\KERNELBASE.dll
0x00007ff816e50000 - 0x00007ff816f50000 	C:\WINDOWS\System32\ucrtbase.dll
0x00007ff812340000 - 0x00007ff81235a000 	C:\Program Files\Java\jdk-17.0.2\bin\VCRUNTIME140.dll
0x00007ff812360000 - 0x00007ff812378000 	C:\Program Files\Java\jdk-17.0.2\bin\jli.dll
0x00007ff818bf0000 - 0x00007ff818c9e000 	C:\WINDOWS\System32\ADVAPI32.dll
0x00007ff818ef0000 - 0x00007ff818f8e000 	C:\WINDOWS\System32\msvcrt.dll
0x00007ff817c00000 - 0x00007ff817c9c000 	C:\WINDOWS\System32\sechost.dll
0x00007ff8181a0000 - 0x00007ff8182c5000 	C:\WINDOWS\System32\RPCRT4.dll
0x00007ff818d50000 - 0x00007ff818ef0000 	C:\WINDOWS\System32\USER32.dll
0x00007ff816180000 - 0x00007ff81641a000 	C:\WINDOWS\WinSxS\amd64_microsoft.windows.common-controls_6595b64144ccf1df_6.0.19041.1110_none_60b5254171f9507e\COMCTL32.dll
0x00007ff817140000 - 0x00007ff817162000 	C:\WINDOWS\System32\win32u.dll
0x00007ff818050000 - 0x00007ff81807a000 	C:\WINDOWS\System32\GDI32.dll
0x00007ff817270000 - 0x00007ff81737b000 	C:\WINDOWS\System32\gdi32full.dll
0x00007ff810c70000 - 0x00007ff810c7a000 	C:\WINDOWS\SYSTEM32\VERSION.dll
0x00007ff817380000 - 0x00007ff81741d000 	C:\WINDOWS\System32\msvcp_win.dll
0x00007ff819660000 - 0x00007ff819690000 	C:\WINDOWS\System32\IMM32.DLL
0x00007ff812480000 - 0x00007ff81248c000 	C:\Program Files\Java\jdk-17.0.2\bin\vcruntime140_1.dll
0x00007ff80f3f0000 - 0x00007ff80f47d000 	C:\Program Files\Java\jdk-17.0.2\bin\msvcp140.dll
0x00007fffe1da0000 - 0x00007fffe2961000 	C:\Program Files\Java\jdk-17.0.2\bin\server\jvm.dll
0x00007ff817ca0000 - 0x00007ff817ca8000 	C:\WINDOWS\System32\PSAPI.DLL
0x00007ff8123e0000 - 0x00007ff8123e9000 	C:\WINDOWS\SYSTEM32\WSOCK32.dll
0x00007ff80aea0000 - 0x00007ff80aec7000 	C:\WINDOWS\SYSTEM32\WINMM.dll
0x00007ff818b00000 - 0x00007ff818b6b000 	C:\WINDOWS\System32\WS2_32.dll
0x00007ff814700000 - 0x00007ff814712000 	C:\WINDOWS\SYSTEM32\kernel.appcore.dll
0x00007ff811fb0000 - 0x00007ff811fba000 	C:\Program Files\Java\jdk-17.0.2\bin\jimage.dll
0x00007ff8167a0000 - 0x00007ff816984000 	C:\WINDOWS\SYSTEM32\DBGHELP.DLL
0x00007ff816550000 - 0x00007ff81657c000 	C:\WINDOWS\SYSTEM32\dbgcore.DLL
0x00007ff816f50000 - 0x00007ff816fd2000 	C:\WINDOWS\System32\bcryptPrimitives.dll
0x00007ff811fa0000 - 0x00007ff811fae000 	C:\Program Files\Java\jdk-17.0.2\bin\instrument.dll
0x00007ff80f340000 - 0x00007ff80f365000 	C:\Program Files\Java\jdk-17.0.2\bin\java.dll
0x00007ffff9940000 - 0x00007ffff9a16000 	C:\Program Files\Java\jdk-17.0.2\bin\jsvml.dll
0x00007ff8183b0000 - 0x00007ff818af4000 	C:\WINDOWS\System32\SHELL32.dll
0x00007ff814900000 - 0x00007ff815094000 	C:\WINDOWS\SYSTEM32\windows.storage.dll
0x00007ff819100000 - 0x00007ff819454000 	C:\WINDOWS\System32\combase.dll
0x00007ff816110000 - 0x00007ff81613c000 	C:\WINDOWS\SYSTEM32\Wldp.dll
0x00007ff8195b0000 - 0x00007ff81965d000 	C:\WINDOWS\System32\SHCORE.dll
0x00007ff8182d0000 - 0x00007ff818325000 	C:\WINDOWS\System32\shlwapi.dll
0x00007ff816d90000 - 0x00007ff816daf000 	C:\WINDOWS\SYSTEM32\profapi.dll
0x00007ff800850000 - 0x00007ff800868000 	C:\Program Files\Java\jdk-17.0.2\bin\zip.dll
0x00007ff8114f0000 - 0x00007ff811509000 	C:\Program Files\Java\jdk-17.0.2\bin\net.dll
0x00007ff808f60000 - 0x00007ff80906a000 	C:\WINDOWS\SYSTEM32\WINHTTP.dll
0x00007ff8160a0000 - 0x00007ff81610a000 	C:\WINDOWS\system32\mswsock.dll
0x00007ff800870000 - 0x00007ff800886000 	C:\Program Files\Java\jdk-17.0.2\bin\nio.dll
0x00007ff800830000 - 0x00007ff80084a000 	C:\Users\kroso\IntelliJ IDEA Community Edition 2021.3.2\bin\breakgen64.dll
0x00007ff8105c0000 - 0x00007ff8105d0000 	C:\Program Files\Java\jdk-17.0.2\bin\verify.dll
0x00007ff806360000 - 0x00007ff806369000 	C:\Program Files\Java\jdk-17.0.2\bin\management.dll
0x00007ff800760000 - 0x00007ff80076b000 	C:\Program Files\Java\jdk-17.0.2\bin\management_ext.dll
0x00007ff800710000 - 0x00007ff800727000 	C:\WINDOWS\system32\napinsp.dll
0x00007ff800370000 - 0x00007ff80038b000 	C:\WINDOWS\system32\pnrpnsp.dll
0x00007ff8001b0000 - 0x00007ff8001c5000 	C:\WINDOWS\system32\wshbth.dll
0x00007ff812300000 - 0x00007ff81231d000 	C:\WINDOWS\system32\NLAapi.dll
0x00007ff815be0000 - 0x00007ff815c1b000 	C:\WINDOWS\SYSTEM32\IPHLPAPI.DLL
0x00007ff815c20000 - 0x00007ff815ceb000 	C:\WINDOWS\SYSTEM32\DNSAPI.dll
0x00007ff8183a0000 - 0x00007ff8183a8000 	C:\WINDOWS\System32\NSI.dll
0x00007ff800290000 - 0x00007ff8002a2000 	C:\WINDOWS\System32\winrnr.dll
0x00007ff808820000 - 0x00007ff80882a000 	C:\Windows\System32\rasadhlp.dll
0x00007ff808a30000 - 0x00007ff808aaf000 	C:\WINDOWS\System32\fwpuclnt.dll
0x00007ff817490000 - 0x00007ff8174b7000 	C:\WINDOWS\System32\bcrypt.dll
0x00007ff816be0000 - 0x00007ff816bf8000 	C:\WINDOWS\SYSTEM32\CRYPTSP.dll
0x00007ff815890000 - 0x00007ff8158c4000 	C:\WINDOWS\system32\rsaenh.dll
0x00007ff816d10000 - 0x00007ff816d3e000 	C:\WINDOWS\SYSTEM32\USERENV.dll
0x00007ff815f50000 - 0x00007ff815f5c000 	C:\WINDOWS\SYSTEM32\CRYPTBASE.dll
0x00007ff810d50000 - 0x00007ff810d67000 	C:\WINDOWS\SYSTEM32\dhcpcsvc6.DLL
0x00007ff810d10000 - 0x00007ff810d2d000 	C:\WINDOWS\SYSTEM32\dhcpcsvc.DLL
0x00007ff800750000 - 0x00007ff80075e000 	C:\Program Files\Java\jdk-17.0.2\bin\sunmscapi.dll
0x00007ff816fe0000 - 0x00007ff817136000 	C:\WINDOWS\System32\CRYPT32.dll
0x00007ff816420000 - 0x00007ff816447000 	C:\WINDOWS\SYSTEM32\ncrypt.dll
0x00007ff816140000 - 0x00007ff81617b000 	C:\WINDOWS\SYSTEM32\NTASN1.dll
0x00007ff8005c0000 - 0x00007ff8005c7000 	C:\WINDOWS\system32\wshunix.dll

dbghelp: loaded successfully - version: 4.0.5 - missing functions: none
symbol engine: initialized successfully - sym options: 0x614 - pdb path: .;C:\Program Files\Java\jdk-17.0.2\bin;C:\WINDOWS\SYSTEM32;C:\WINDOWS\WinSxS\amd64_microsoft.windows.common-controls_6595b64144ccf1df_6.0.19041.1110_none_60b5254171f9507e;C:\Program Files\Java\jdk-17.0.2\bin\server;C:\Users\kroso\IntelliJ IDEA Community Edition 2021.3.2\bin

VM Arguments:
jvm_args: -javaagent:C:\Users\kroso\IntelliJ IDEA Community Edition 2021.3.2\lib\idea_rt.jar=65254:C:\Users\kroso\IntelliJ IDEA Community Edition 2021.3.2\bin -Dfile.encoding=UTF-8 
java_command: pl.sk.GasStationsApplication
java_class_path (initial): E:\GasStationMap\Backend\target\classes;C:\Users\kroso\.m2\repository\org\springframework\boot\spring-boot-starter\2.6.6\spring-boot-starter-2.6.6.jar;C:\Users\kroso\.m2\repository\org\springframework\boot\spring-boot\2.6.6\spring-boot-2.6.6.jar;C:\Users\kroso\.m2\repository\org\springframework\spring-context\5.3.18\spring-context-5.3.18.jar;C:\Users\kroso\.m2\repository\org\springframework\boot\spring-boot-autoconfigure\2.6.6\spring-boot-autoconfigure-2.6.6.jar;C:\Users\kroso\.m2\repository\org\springframework\boot\spring-boot-starter-logging\2.6.6\spring-boot-starter-logging-2.6.6.jar;C:\Users\kroso\.m2\repository\ch\qos\logback\logback-classic\1.2.11\logback-classic-1.2.11.jar;C:\Users\kroso\.m2\repository\ch\qos\logback\logback-core\1.2.11\logback-core-1.2.11.jar;C:\Users\kroso\.m2\repository\org\apache\logging\log4j\log4j-to-slf4j\2.17.2\log4j-to-slf4j-2.17.2.jar;C:\Users\kroso\.m2\repository\org\apache\logging\log4j\log4j-api\2.17.2\log4j-api-2.17.2.jar;C:\Users\kroso\.m2\repository\org\slf4j\jul-to-slf4j\1.7.36\jul-to-slf4j-1.7.36.jar;C:\Users\kroso\.m2\repository\jakarta\annotation\jakarta.annotation-api\1.3.5\jakarta.annotation-api-1.3.5.jar;C:\Users\kroso\.m2\repository\org\springframework\spring-core\5.3.18\spring-core-5.3.18.jar;C:\Users\kroso\.m2\repository\org\springframework\spring-jcl\5.3.18\spring-jcl-5.3.18.jar;C:\Users\kroso\.m2\repository\org\yaml\snakeyaml\1.29\snakeyaml-1.29.jar;C:\Users\kroso\.m2\repository\org\springframework\boot\spring-boot-starter-data-jpa\2.6.6\spring-boot-starter-data-jpa-2.6.6.jar;C:\Users\kroso\.m2\repository\org\springframework\boot\spring-boot-starter-aop\2.6.6\spring-boot-starter-aop-2.6.6.jar;C:\Users\kroso\.m2\repository\org\aspectj\aspectjweaver\1.9.7\aspectjweaver-1.9.7.jar;C:\Users\kroso\.m2\repository\org\springframework\boot\spring-boot-starter-jdbc\2.6.6\spring-boot-starter-jdbc-2.6.6.jar;C:\Users\kroso\.m2\repository\com\zaxxer\HikariCP\4.0.3\HikariCP-4.0.3.jar;C:\Users\kroso\.m
Launcher Type: SUN_STANDARD

[Global flags]
     intx CICompilerCount                          = 4                                         {product} {ergonomic}
     uint ConcGCThreads                            = 2                                         {product} {ergonomic}
     uint G1ConcRefinementThreads                  = 8                                         {product} {ergonomic}
   size_t G1HeapRegionSize                         = 2097152                                   {product} {ergonomic}
    uintx GCDrainStackTargetSize                   = 64                                        {product} {ergonomic}
   size_t InitialHeapSize                          = 266338304                                 {product} {ergonomic}
   size_t MarkStackSize                            = 4194304                                   {product} {ergonomic}
   size_t MaxHeapSize                              = 4259315712                                {product} {ergonomic}
   size_t MaxNewSize                               = 2554331136                                {product} {ergonomic}
   size_t MinHeapDeltaBytes                        = 2097152                                   {product} {ergonomic}
   size_t MinHeapSize                              = 8388608                                   {product} {ergonomic}
    uintx NonNMethodCodeHeapSize                   = 5839372                                {pd product} {ergonomic}
    uintx NonProfiledCodeHeapSize                  = 122909434                              {pd product} {ergonomic}
    uintx ProfiledCodeHeapSize                     = 122909434                              {pd product} {ergonomic}
    uintx ReservedCodeCacheSize                    = 251658240                              {pd product} {ergonomic}
     bool SegmentedCodeCache                       = true                                      {product} {ergonomic}
   size_t SoftMaxHeapSize                          = 4259315712                             {manageable} {ergonomic}
     bool UseCompressedClassPointers               = true                           {product lp64_product} {ergonomic}
     bool UseCompressedOops                        = true                           {product lp64_product} {ergonomic}
     bool UseG1GC                                  = true                                      {product} {ergonomic}
     bool UseLargePagesIndividualAllocation        = false                                  {pd product} {ergonomic}

Logging:
Log output configuration:
 #0: stdout all=warning uptime,level,tags
 #1: stderr all=off uptime,level,tags

Environment Variables:
JAVA_HOME=C:\Program Files\Java\jdk-17.0.2
PATH=C:\Program Files\Eclipse Foundation\jdk-8.0.302.8-hotspot\bin;C:\Program Files (x86)\Common Files\Oracle\Java\javapath;C:\Program Files\Common Files\Oracle\Java\javapath;C:\Windows\system32;C:\Windows;C:\Windows\System32\Wbem;C:\Windows\System32\WindowsPowerShell\v1.0\;C:\Windows\System32\OpenSSH\;C:\Program Files\NVIDIA Corporation\NVIDIA NvDLISR;C:\Program Files (x86)\NVIDIA Corporation\PhysX\Common;C:\Program Files\Microsoft SQL Server\130\Tools\Binn\;C:\WINDOWS\system32;C:\WINDOWS;C:\WINDOWS\System32\Wbem;C:\WINDOWS\System32\WindowsPowerShell\v1.0\;C:\WINDOWS\System32\OpenSSH\;C:\Program Files\Git\cmd;C:\Program Files (x86)\IncrediBuild;C:\Program Files\Java\jdk-17.0.2\bin;C:\Program Files\nodejs\;C:\Program Files\dotnet\;C:\Program Files\MySQL\MySQL Shell 8.0\bin\;C:\Users\kroso\AppData\Local\Programs\Python\Python310\Scripts\;C:\Users\kroso\AppData\Local\Programs\Python\Python310\;C:\Program Files (x86)\Common Files\Oracle\Java\javapath;C:\Program Files\Common Files\Oracle\Java\javapath;C:\Windows\system32;C:\Windows;C:\Windows\System32\Wbem;C:\Windows\System32\WindowsPowerShell\v1.0\;C:\Windows\System32\OpenSSH\;C:\Program Files\NVIDIA Corporation\NVIDIA NvDLISR;C:\Program Files (x86)\NVIDIA Corporation\PhysX\Common;C:\Program Files\Microsoft SQL Server\130\Tools\Binn\;C:\WINDOWS\system32;C:\WINDOWS;C:\WINDOWS\System32\Wbem;C:\WINDOWS\System32\WindowsPowerShell\v1.0\;C:\WINDOWS\System32\OpenSSH\;C:\Program Files\nodejs\;C:\Program Files\Git\cmd;C:\Program Files (x86)\IncrediBuild;C:\Users\kroso\AppData\Local\Microsoft\WindowsApps;C:\Users\kroso\AppData\Local\Programs\Microsoft VS Code\bin;C:\Python37\Scripts;C:\Users\kroso\AppData\Local\Microsoft\WindowsApps;%IntelliJ IDEA Community Edition;C:\Users\kroso\AppData\Roaming\npm;C:\Users\kroso\.dotnet\tools
USERNAME=kroso
OS=Windows_NT
PROCESSOR_IDENTIFIER=Intel64 Family 6 Model 60 Stepping 3, GenuineIntel



---------------  S Y S T E M  ---------------

OS:
 Windows 10 , 64 bit Build 19041 (10.0.19041.1645)
OS uptime: 0 days 2:36 hours
Hyper-V role detected

CPU: total 8 (initial active 8) (4 cores per cpu, 2 threads per core) family 6 model 60 stepping 3 microcode 0x27, cx8, cmov, fxsr, ht, mmx, sse, sse2, sse3, ssse3, sse4.1, sse4.2, popcnt, lzcnt, tsc, tscinvbit, avx, avx2, aes, erms, clmul, bmi1, bmi2, fma, vzeroupper, clflush, hv

Memory: 4k page, system-wide physical 16245M (408M free)
TotalPageFile size 48202M (AvailPageFile size 2M)
current process WorkingSet (physical memory assigned to process): 245M, peak: 252M
current process commit charge ("private bytes"): 283M, peak: 422M

vm_info: Java HotSpot(TM) 64-Bit Server VM (17.0.2+8-LTS-86) for windows-amd64 JRE (17.0.2+8-LTS-86), built on Dec  7 2021 21:51:03 by "mach5one" with MS VC++ 16.8 / 16.9 (VS2019)

END.
