#
# There is insufficient memory for the Java Runtime Environment to continue.
# Native memory allocation (malloc) failed to allocate 1827776 bytes for Chunk::new
# Possible reasons:
#   The system is out of physical RAM or swap space
#   The process is running with CompressedOops enabled, and the Java Heap may be blocking the growth of the native heap
# Possible solutions:
#   Reduce memory load on the system
#   Increase physical memory or swap space
#   Check if swap backing store is full
#   Decrease Java heap size (-Xmx/-Xms)
#   Decrease number of Java threads
#   Decrease Java thread stack sizes (-Xss)
#   Set larger code cache with -XX:ReservedCodeCacheSize=
#   JVM is running with Zero Based Compressed Oops mode in which the Java heap is
#     placed in the first 32GB address space. The Java Heap base address is the
#     maximum limit for the native heap growth. Please use -XX:HeapBaseMinAddress
#     to set the Java Heap base and to place the Java Heap above 32GB virtual address.
# This output file may be truncated or incomplete.
#
#  Out of Memory Error (arena.cpp:189), pid=2576, tid=11856
#
# JRE version: Java(TM) SE Runtime Environment (17.0.2+8) (build 17.0.2+8-LTS-86)
# Java VM: Java HotSpot(TM) 64-Bit Server VM (17.0.2+8-LTS-86, mixed mode, sharing, tiered, compressed oops, compressed class ptrs, g1 gc, windows-amd64)
# No core dump will be written. Minidumps are not enabled by default on client versions of Windows
#

---------------  S U M M A R Y ------------

Command Line: -javaagent:C:\Users\kroso\IntelliJ IDEA Community Edition 2021.3.2\lib\idea_rt.jar=60330:C:\Users\kroso\IntelliJ IDEA Community Edition 2021.3.2\bin -Dfile.encoding=UTF-8 pl.sk.GasStationsApplication

Host: Intel(R) Core(TM) i7-4790K CPU @ 4.00GHz, 8 cores, 15G,  Windows 10 , 64 bit Build 19041 (10.0.19041.1645)
Time: Sun Apr 24 14:10:16 2022  Windows 10 , 64 bit Build 19041 (10.0.19041.1645) elapsed time: 10.827869 seconds (0d 0h 0m 10s)

---------------  T H R E A D  ---------------

Current thread (0x000001524671e270):  JavaThread "C2 CompilerThread1" daemon [_thread_in_native, id=11856, stack(0x0000000771900000,0x0000000771a00000)]


Current CompileTask:
C2:  10827 8869       4       java.text.SimpleDateFormat::subFormat (1264 bytes)

Stack: [0x0000000771900000,0x0000000771a00000]
Native frames: (J=compiled Java code, j=interpreted, Vv=VM code, C=native code)
V  [jvm.dll+0x670baa]
V  [jvm.dll+0x7cfcb4]
V  [jvm.dll+0x7d145e]
V  [jvm.dll+0x7d1ac3]
V  [jvm.dll+0x242bc5]
V  [jvm.dll+0xaa57b]
V  [jvm.dll+0xaab0c]
V  [jvm.dll+0x35fd07]
V  [jvm.dll+0x1b9b68]
V  [jvm.dll+0x215de9]
V  [jvm.dll+0x2150b1]
V  [jvm.dll+0x1a1bbd]
V  [jvm.dll+0x224908]
V  [jvm.dll+0x222a6c]
V  [jvm.dll+0x7859bb]
V  [jvm.dll+0x77ff7a]
V  [jvm.dll+0x66fa35]
C  [ucrtbase.dll+0x21bb2]
C  [KERNEL32.DLL+0x17034]
C  [ntdll.dll+0x52651]


---------------  P R O C E S S  ---------------

Threads class SMR info:
_java_thread_list=0x00000152492acc50, length=32, elements={
0x0000015245aa1cf0, 0x0000015245aa2a70, 0x0000015245ab7e60, 0x0000015245abb740,
0x0000015245abe7e0, 0x0000015245abc3f0, 0x0000015245abd090, 0x0000015245ac33c0,
0x0000015245ae4480, 0x0000015245a8b920, 0x000001524671e270, 0x00000152466eb7e0,
0x00000152466ebcb0, 0x000001524a105010, 0x000001524ac63ec0, 0x0000015249897ea0,
0x0000015249df2480, 0x0000015247885010, 0x0000015247925c30, 0x00000152479265d0,
0x0000015247926aa0, 0x00000152479248f0, 0x0000015247925290, 0x0000015247926f70,
0x0000015247927440, 0x0000015247927910, 0x0000015249d3fa20, 0x0000015249d3fef0,
0x0000015249d403c0, 0x0000015249d433e0, 0x0000015249d3ced0, 0x000001524671f6b0
}

Java Threads: ( => current thread )
  0x0000015245aa1cf0 JavaThread "Reference Handler" daemon [_thread_blocked, id=7392, stack(0x0000000770f00000,0x0000000771000000)]
  0x0000015245aa2a70 JavaThread "Finalizer" daemon [_thread_blocked, id=18240, stack(0x0000000771000000,0x0000000771100000)]
  0x0000015245ab7e60 JavaThread "Signal Dispatcher" daemon [_thread_blocked, id=2408, stack(0x0000000771100000,0x0000000771200000)]
  0x0000015245abb740 JavaThread "Attach Listener" daemon [_thread_blocked, id=10044, stack(0x0000000771200000,0x0000000771300000)]
  0x0000015245abe7e0 JavaThread "Service Thread" daemon [_thread_blocked, id=7756, stack(0x0000000771300000,0x0000000771400000)]
  0x0000015245abc3f0 JavaThread "Monitor Deflation Thread" daemon [_thread_blocked, id=14920, stack(0x0000000771400000,0x0000000771500000)]
  0x0000015245abd090 JavaThread "C2 CompilerThread0" daemon [_thread_in_native, id=15244, stack(0x0000000771500000,0x0000000771600000)]
  0x0000015245ac33c0 JavaThread "C1 CompilerThread0" daemon [_thread_blocked, id=2672, stack(0x0000000771600000,0x0000000771700000)]
  0x0000015245ae4480 JavaThread "Sweeper thread" daemon [_thread_blocked, id=15164, stack(0x0000000771700000,0x0000000771800000)]
  0x0000015245a8b920 JavaThread "Common-Cleaner" daemon [_thread_blocked, id=14428, stack(0x0000000771800000,0x0000000771900000)]
=>0x000001524671e270 JavaThread "C2 CompilerThread1" daemon [_thread_in_native, id=11856, stack(0x0000000771900000,0x0000000771a00000)]
  0x00000152466eb7e0 JavaThread "Monitor Ctrl-Break" daemon [_thread_in_native, id=5832, stack(0x0000000771a00000,0x0000000771b00000)]
  0x00000152466ebcb0 JavaThread "Notification Thread" daemon [_thread_blocked, id=13272, stack(0x0000000771b00000,0x0000000771c00000)]
  0x000001524a105010 JavaThread "Catalina-utility-1" [_thread_blocked, id=6108, stack(0x0000000772500000,0x0000000772600000)]
  0x000001524ac63ec0 JavaThread "Catalina-utility-2" [_thread_blocked, id=12796, stack(0x0000000772600000,0x0000000772700000)]
  0x0000015249897ea0 JavaThread "container-0" [_thread_blocked, id=1456, stack(0x0000000772700000,0x0000000772800000)]
  0x0000015249df2480 JavaThread "mysql-cj-abandoned-connection-cleanup" daemon [_thread_blocked, id=7676, stack(0x0000000772800000,0x0000000772900000)]
  0x0000015247885010 JavaThread "HikariPool-1 housekeeper" daemon [_thread_blocked, id=18204, stack(0x0000000772a00000,0x0000000772b00000)]
  0x0000015247925c30 JavaThread "http-nio-8080-exec-1" daemon [_thread_blocked, id=14116, stack(0x0000000772c00000,0x0000000772d00000)]
  0x00000152479265d0 JavaThread "http-nio-8080-exec-2" daemon [_thread_blocked, id=18252, stack(0x0000000772d00000,0x0000000772e00000)]
  0x0000015247926aa0 JavaThread "http-nio-8080-exec-3" daemon [_thread_blocked, id=7896, stack(0x0000000772e00000,0x0000000772f00000)]
  0x00000152479248f0 JavaThread "http-nio-8080-exec-4" daemon [_thread_blocked, id=16808, stack(0x0000000772f00000,0x0000000773000000)]
  0x0000015247925290 JavaThread "http-nio-8080-exec-5" daemon [_thread_blocked, id=13196, stack(0x0000000773000000,0x0000000773100000)]
  0x0000015247926f70 JavaThread "http-nio-8080-exec-6" daemon [_thread_blocked, id=10536, stack(0x0000000773100000,0x0000000773200000)]
  0x0000015247927440 JavaThread "http-nio-8080-exec-7" daemon [_thread_blocked, id=18040, stack(0x0000000773200000,0x0000000773300000)]
  0x0000015247927910 JavaThread "http-nio-8080-exec-8" daemon [_thread_blocked, id=16204, stack(0x0000000773300000,0x0000000773400000)]
  0x0000015249d3fa20 JavaThread "http-nio-8080-exec-9" daemon [_thread_blocked, id=2308, stack(0x0000000773400000,0x0000000773500000)]
  0x0000015249d3fef0 JavaThread "http-nio-8080-exec-10" daemon [_thread_blocked, id=12980, stack(0x0000000773500000,0x0000000773600000)]
  0x0000015249d403c0 JavaThread "http-nio-8080-Poller" daemon [_thread_in_native, id=11056, stack(0x0000000773600000,0x0000000773700000)]
  0x0000015249d433e0 JavaThread "http-nio-8080-Acceptor" daemon [_thread_in_native, id=11076, stack(0x0000000773700000,0x0000000773800000)]
  0x0000015249d3ced0 JavaThread "DestroyJavaVM" [_thread_blocked, id=4364, stack(0x0000000770800000,0x0000000770900000)]
  0x000001524671f6b0 JavaThread "C2 CompilerThread2" daemon [_thread_blocked, id=11072, stack(0x0000000773800000,0x0000000773900000)]

Other Threads:
  0x0000015245a9c180 VMThread "VM Thread" [stack: 0x0000000770e00000,0x0000000770f00000] [id=9200]
  0x00000152466feb90 WatcherThread [stack: 0x0000000771c00000,0x0000000771d00000] [id=7696]
  0x0000015222e5be90 GCTaskThread "GC Thread#0" [stack: 0x0000000770900000,0x0000000770a00000] [id=5848]
  0x000001524727a830 GCTaskThread "GC Thread#1" [stack: 0x0000000771d00000,0x0000000771e00000] [id=14132]
  0x00000152471db740 GCTaskThread "GC Thread#2" [stack: 0x0000000771e00000,0x0000000771f00000] [id=4048]
  0x00000152471db9f0 GCTaskThread "GC Thread#3" [stack: 0x0000000771f00000,0x0000000772000000] [id=17488]
  0x00000152471dbca0 GCTaskThread "GC Thread#4" [stack: 0x0000000772000000,0x0000000772100000] [id=14012]
  0x00000152471dbf50 GCTaskThread "GC Thread#5" [stack: 0x0000000772100000,0x0000000772200000] [id=14560]
  0x0000015246c69fa0 GCTaskThread "GC Thread#6" [stack: 0x0000000772200000,0x0000000772300000] [id=14092]
  0x00000152476aa010 GCTaskThread "GC Thread#7" [stack: 0x0000000772400000,0x0000000772500000] [id=18096]
  0x0000015222e6dac0 ConcurrentGCThread "G1 Main Marker" [stack: 0x0000000770a00000,0x0000000770b00000] [id=7356]
  0x0000015222e6eb80 ConcurrentGCThread "G1 Conc#0" [stack: 0x0000000770b00000,0x0000000770c00000] [id=8720]
  0x00000152494dd040 ConcurrentGCThread "G1 Conc#1" [stack: 0x0000000772300000,0x0000000772400000] [id=9184]
  0x00000152459564e0 ConcurrentGCThread "G1 Refine#0" [stack: 0x0000000770c00000,0x0000000770d00000] [id=3216]
  0x0000015245956e10 ConcurrentGCThread "G1 Service" [stack: 0x0000000770d00000,0x0000000770e00000] [id=16524]

Threads with active compile tasks:
C2 CompilerThread0    10858 8901       4       com.fasterxml.jackson.databind.ser.DefaultSerializerProvider$Impl::createInstance (11 bytes)
C2 CompilerThread1    10858 8869       4       java.text.SimpleDateFormat::subFormat (1264 bytes)

VM state: not at safepoint (normal execution)

VM Mutex/Monitor currently owned by a thread: None

Heap address: 0x00000004d6c00000, size: 4062 MB, Compressed Oops mode: Zero based, Oop shift amount: 3

CDS archive(s) mapped at: [0x0000000800000000-0x0000000800bc0000-0x0000000800bc0000), size 12320768, SharedBaseAddress: 0x0000000800000000, ArchiveRelocationMode: 0.
Compressed class space mapped at: 0x0000000800c00000-0x0000000840c00000, reserved size: 1073741824
Narrow klass base: 0x0000000800000000, Narrow klass shift: 0, Narrow klass range: 0x100000000

GC Precious Log:
 CPUs: 8 total, 8 available
 Memory: 16245M
 Large Page Support: Disabled
 NUMA Support: Disabled
 Compressed Oops: Enabled (Zero based)
 Heap Region Size: 2M
 Heap Min Capacity: 8M
 Heap Initial Capacity: 254M
 Heap Max Capacity: 4062M
 Pre-touch: Disabled
 Parallel Workers: 8
 Concurrent Workers: 2
 Concurrent Refinement Workers: 8
 Periodic GC: Disabled

Heap:
 garbage-first heap   total 55296K, used 36764K [0x00000004d6c00000, 0x00000005d4a00000)
  region size 2048K, 7 young (14336K), 1 survivors (2048K)
 Metaspace       used 59773K, committed 60160K, reserved 1105920K
  class space    used 7725K, committed 7936K, reserved 1048576K

Heap Regions: E=young(eden), S=young(survivor), O=old, HS=humongous(starts), HC=humongous(continues), CS=collection set, F=free, OA=open archive, CA=closed archive, TAMS=top-at-mark-start (previous, next)
|   0|0x00000004d6c00000, 0x00000004d6e00000, 0x00000004d6e00000|100%| O|  |TAMS 0x00000004d6e00000, 0x00000004d6c00000| Untracked 
|   1|0x00000004d6e00000, 0x00000004d7000000, 0x00000004d7000000|100%| O|  |TAMS 0x00000004d7000000, 0x00000004d6e00000| Untracked 
|   2|0x00000004d7000000, 0x00000004d7200000, 0x00000004d7200000|100%| O|  |TAMS 0x00000004d7200000, 0x00000004d7000000| Untracked 
|   3|0x00000004d7200000, 0x00000004d7400000, 0x00000004d7400000|100%| O|  |TAMS 0x00000004d7400000, 0x00000004d7200000| Untracked 
|   4|0x00000004d7400000, 0x00000004d7600000, 0x00000004d7600000|100%| O|  |TAMS 0x00000004d7600000, 0x00000004d7400000| Untracked 
|   5|0x00000004d7600000, 0x00000004d7800000, 0x00000004d7800000|100%| O|  |TAMS 0x00000004d7800000, 0x00000004d7600000| Untracked 
|   6|0x00000004d7800000, 0x00000004d7a00000, 0x00000004d7a00000|100%| O|  |TAMS 0x00000004d7a00000, 0x00000004d7800000| Untracked 
|   7|0x00000004d7a00000, 0x00000004d7c00000, 0x00000004d7c00000|100%| O|  |TAMS 0x00000004d7c00000, 0x00000004d7a00000| Untracked 
|   8|0x00000004d7c00000, 0x00000004d7e00000, 0x00000004d7e00000|100%| O|  |TAMS 0x00000004d7e00000, 0x00000004d7c00000| Untracked 
|   9|0x00000004d7e00000, 0x00000004d8000000, 0x00000004d8000000|100%| O|  |TAMS 0x00000004d8000000, 0x00000004d7e00000| Untracked 
|  10|0x00000004d8000000, 0x00000004d8200000, 0x00000004d8200000|100%| O|  |TAMS 0x00000004d8200000, 0x00000004d8000000| Untracked 
|  11|0x00000004d8200000, 0x00000004d8400000, 0x00000004d8400000|100%| O|  |TAMS 0x00000004d8400000, 0x00000004d8200000| Untracked 
|  12|0x00000004d8400000, 0x00000004d850b000, 0x00000004d8600000| 52%| O|  |TAMS 0x00000004d850b000, 0x00000004d8400000| Untracked 
|  13|0x00000004d8600000, 0x00000004d8600000, 0x00000004d8800000|  0%| F|  |TAMS 0x00000004d8600000, 0x00000004d8600000| Untracked 
|  14|0x00000004d8800000, 0x00000004d8800000, 0x00000004d8a00000|  0%| F|  |TAMS 0x00000004d8800000, 0x00000004d8800000| Untracked 
|  15|0x00000004d8a00000, 0x00000004d8a00000, 0x00000004d8c00000|  0%| F|  |TAMS 0x00000004d8a00000, 0x00000004d8a00000| Untracked 
|  16|0x00000004d8c00000, 0x00000004d8cdc1c0, 0x00000004d8e00000| 42%| S|CS|TAMS 0x00000004d8c00000, 0x00000004d8c00000| Complete 
|  17|0x00000004d8e00000, 0x00000004d8e00000, 0x00000004d9000000|  0%| F|  |TAMS 0x00000004d8e00000, 0x00000004d8e00000| Untracked 
|  18|0x00000004d9000000, 0x00000004d9000000, 0x00000004d9200000|  0%| F|  |TAMS 0x00000004d9000000, 0x00000004d9000000| Untracked 
|  19|0x00000004d9200000, 0x00000004d9200000, 0x00000004d9400000|  0%| F|  |TAMS 0x00000004d9200000, 0x00000004d9200000| Untracked 
|  20|0x00000004d9400000, 0x00000004d9400000, 0x00000004d9600000|  0%| F|  |TAMS 0x00000004d9400000, 0x00000004d9400000| Untracked 
|  21|0x00000004d9600000, 0x00000004d971c540, 0x00000004d9800000| 55%| E|  |TAMS 0x00000004d9600000, 0x00000004d9600000| Complete 
|  22|0x00000004d9800000, 0x00000004d9a00000, 0x00000004d9a00000|100%| E|CS|TAMS 0x00000004d9800000, 0x00000004d9800000| Complete 
|  96|0x00000004e2c00000, 0x00000004e2e00000, 0x00000004e2e00000|100%| E|CS|TAMS 0x00000004e2c00000, 0x00000004e2c00000| Complete 
|  97|0x00000004e2e00000, 0x00000004e3000000, 0x00000004e3000000|100%| E|CS|TAMS 0x00000004e2e00000, 0x00000004e2e00000| Complete 
|  98|0x00000004e3000000, 0x00000004e3200000, 0x00000004e3200000|100%| E|CS|TAMS 0x00000004e3000000, 0x00000004e3000000| Complete 
| 126|0x00000004e6800000, 0x00000004e6a00000, 0x00000004e6a00000|100%| E|CS|TAMS 0x00000004e6800000, 0x00000004e6800000| Complete 

Card table byte_map: [0x000001523a190000,0x000001523a980000] _byte_map_base: 0x0000015237ada000

Marking Bits (Prev, Next): (CMBitMap*) 0x0000015222e5d400, (CMBitMap*) 0x0000015222e5d3c0
 Prev Bits: [0x000001523f0f0000, 0x0000015243068000)
 Next Bits: [0x000001523b170000, 0x000001523f0e8000)

Polling page: 0x00000152225e0000

Metaspace:

Usage:
  Non-class:     50.83 MB used.
      Class:      7.54 MB used.
       Both:     58.37 MB used.

Virtual space:
  Non-class space:       56.00 MB reserved,      51.00 MB ( 91%) committed,  7 nodes.
      Class space:        1.00 GB reserved,       7.75 MB ( <1%) committed,  1 nodes.
             Both:        1.05 GB reserved,      58.75 MB (  5%) committed. 

Chunk freelists:
   Non-Class:  528.00 KB
       Class:  220.00 KB
        Both:  748.00 KB

MaxMetaspaceSize: unlimited
CompressedClassSpaceSize: 1.00 GB
Initial GC threshold: 21.00 MB
Current GC threshold: 97.94 MB
CDS: on
MetaspaceReclaimPolicy: balanced
 - commit_granule_bytes: 65536.
 - commit_granule_words: 8192.
 - virtual_space_node_default_size: 1048576.
 - enlarge_chunks_in_place: 1.
 - new_chunks_are_fully_committed: 0.
 - uncommit_free_chunks: 1.
 - use_allocation_guard: 0.
 - handle_deallocations: 1.


Internal statistics:

num_allocs_failed_limit: 6.
num_arena_births: 430.
num_arena_deaths: 0.
num_vsnodes_births: 8.
num_vsnodes_deaths: 0.
num_space_committed: 940.
num_space_uncommitted: 0.
num_chunks_returned_to_freelist: 6.
num_chunks_taken_from_freelist: 2526.
num_chunk_merges: 0.
num_chunk_splits: 1757.
num_chunks_enlarged: 1404.
num_purges: 0.
num_inconsistent_stats: 0.

CodeHeap 'non-profiled nmethods': size=120000Kb used=4668Kb max_used=4668Kb free=115332Kb
 bounds [0x0000015232130000, 0x00000152325c0000, 0x0000015239660000]
CodeHeap 'profiled nmethods': size=120000Kb used=18019Kb max_used=18019Kb free=101980Kb
 bounds [0x000001522ac00000, 0x000001522bda0000, 0x0000015232130000]
CodeHeap 'non-nmethods': size=5760Kb used=1315Kb max_used=1378Kb free=4444Kb
 bounds [0x000001522a660000, 0x000001522a8d0000, 0x000001522ac00000]
 total_blobs=8747 nmethods=8119 adapters=538
 compilation: enabled
              stopped_count=0, restarted_count=0
 full_count=0

Compilation events (20 events):
Event: 10.748 Thread 0x0000015245ac33c0 8892       3       com.fasterxml.jackson.core.json.UTF8JsonGenerator::writeString (115 bytes)
Event: 10.748 Thread 0x0000015245ac33c0 nmethod 8892 0x000001522bd98590 code [0x000001522bd987c0, 0x000001522bd98d18]
Event: 10.754 Thread 0x0000015245abd090 nmethod 8888 0x00000152325acf90 code [0x00000152325ad1e0, 0x00000152325ae6b0]
Event: 10.755 Thread 0x000001524671f6b0 nmethod 8887 0x00000152325af410 code [0x00000152325af680, 0x00000152325b0c10]
Event: 10.755 Thread 0x0000015245abd090 8890   !   4       org.apache.coyote.AbstractProcessor::parseHost (389 bytes)
Event: 10.755 Thread 0x000001524671f6b0 8891       4       java.lang.Boolean::valueOf (14 bytes)
Event: 10.755 Thread 0x000001524671f6b0 nmethod 8891 0x00000152325b1a10 code [0x00000152325b1b80, 0x00000152325b1bf8]
Event: 10.755 Thread 0x000001524671f6b0 8889       4       org.apache.catalina.connector.Response::containsHeader (81 bytes)
Event: 10.783 Thread 0x0000015245abd090 nmethod 8890 0x00000152325b1d10 code [0x00000152325b1f20, 0x00000152325b2da0]
Event: 10.783 Thread 0x0000015245abd090 8895   !   4       java.util.concurrent.ConcurrentHashMap::computeIfAbsent (576 bytes)
Event: 10.787 Thread 0x000001524671f6b0 nmethod 8889 0x00000152325b3910 code [0x00000152325b3b60, 0x00000152325b4ed0]
Event: 10.787 Thread 0x000001524671f6b0 8894       4       java.util.ArrayList::<init> (63 bytes)
Event: 10.790 Thread 0x000001524671f6b0 nmethod 8894 0x00000152325b5b90 code [0x00000152325b5d20, 0x00000152325b6138]
Event: 10.790 Thread 0x000001524671f6b0 8896       4       org.springframework.core.ResolvableType::forMethodParameter (40 bytes)
Event: 10.814 Thread 0x000001524671f6b0 nmethod 8896 0x00000152325b6290 code [0x00000152325b6560, 0x00000152325b7510]
Event: 10.814 Thread 0x000001524671f6b0 8897       4       java.nio.charset.Charset::lookup (44 bytes)
Event: 10.816 Thread 0x000001524671f6b0 nmethod 8897 0x00000152325b8090 code [0x00000152325b8220, 0x00000152325b84e8]
Event: 10.816 Thread 0x000001524671f6b0 8893       4       org.apache.tomcat.util.threads.ThreadPoolExecutor::beforeExecute (1 bytes)
Event: 10.817 Thread 0x000001524671f6b0 nmethod 8893 0x00000152325b8690 code [0x00000152325b8800, 0x00000152325b8878]
Event: 10.818 Thread 0x0000015245abd090 nmethod 8895 0x00000152325b8990 code [0x00000152325b8bc0, 0x00000152325ba780]

GC Heap History (20 events):
Event: 6.917 GC heap before
{Heap before GC invocations=13 (full 0):
 garbage-first heap   total 55296K, used 40791K [0x00000004d6c00000, 0x00000005d4a00000)
  region size 2048K, 11 young (22528K), 2 survivors (4096K)
 Metaspace       used 53378K, committed 53760K, reserved 1097728K
  class space    used 7173K, committed 7360K, reserved 1048576K
}
Event: 6.920 GC heap after
{Heap after GC invocations=14 (full 0):
 garbage-first heap   total 55296K, used 23812K [0x00000004d6c00000, 0x00000005d4a00000)
  region size 2048K, 2 young (4096K), 2 survivors (4096K)
 Metaspace       used 53378K, committed 53760K, reserved 1097728K
  class space    used 7173K, committed 7360K, reserved 1048576K
}
Event: 7.487 GC heap before
{Heap before GC invocations=14 (full 0):
 garbage-first heap   total 55296K, used 40196K [0x00000004d6c00000, 0x00000005d4a00000)
  region size 2048K, 10 young (20480K), 2 survivors (4096K)
 Metaspace       used 56154K, committed 56512K, reserved 1097728K
  class space    used 7517K, committed 7680K, reserved 1048576K
}
Event: 7.492 GC heap after
{Heap after GC invocations=15 (full 0):
 garbage-first heap   total 55296K, used 25675K [0x00000004d6c00000, 0x00000005d4a00000)
  region size 2048K, 2 young (4096K), 2 survivors (4096K)
 Metaspace       used 56154K, committed 56512K, reserved 1097728K
  class space    used 7517K, committed 7680K, reserved 1048576K
}
Event: 7.905 GC heap before
{Heap before GC invocations=15 (full 0):
 garbage-first heap   total 55296K, used 42059K [0x00000004d6c00000, 0x00000005d4a00000)
  region size 2048K, 10 young (20480K), 2 survivors (4096K)
 Metaspace       used 58063K, committed 58496K, reserved 1105920K
  class space    used 7723K, committed 7936K, reserved 1048576K
}
Event: 7.909 GC heap after
{Heap after GC invocations=16 (full 0):
 garbage-first heap   total 55296K, used 26749K [0x00000004d6c00000, 0x00000005d4a00000)
  region size 2048K, 2 young (4096K), 2 survivors (4096K)
 Metaspace       used 58063K, committed 58496K, reserved 1105920K
  class space    used 7723K, committed 7936K, reserved 1048576K
}
Event: 8.279 GC heap before
{Heap before GC invocations=16 (full 0):
 garbage-first heap   total 55296K, used 43133K [0x00000004d6c00000, 0x00000005d4a00000)
  region size 2048K, 10 young (20480K), 2 survivors (4096K)
 Metaspace       used 58725K, committed 59136K, reserved 1105920K
  class space    used 7723K, committed 7936K, reserved 1048576K
}
Event: 8.282 GC heap after
{Heap after GC invocations=17 (full 0):
 garbage-first heap   total 55296K, used 26652K [0x00000004d6c00000, 0x00000005d4a00000)
  region size 2048K, 1 young (2048K), 1 survivors (2048K)
 Metaspace       used 58725K, committed 59136K, reserved 1105920K
  class space    used 7723K, committed 7936K, reserved 1048576K
}
Event: 8.607 GC heap before
{Heap before GC invocations=17 (full 0):
 garbage-first heap   total 55296K, used 43036K [0x00000004d6c00000, 0x00000005d4a00000)
  region size 2048K, 9 young (18432K), 1 survivors (2048K)
 Metaspace       used 59115K, committed 59520K, reserved 1105920K
  class space    used 7723K, committed 7936K, reserved 1048576K
}
Event: 8.609 GC heap after
{Heap after GC invocations=18 (full 0):
 garbage-first heap   total 55296K, used 26494K [0x00000004d6c00000, 0x00000005d4a00000)
  region size 2048K, 1 young (2048K), 1 survivors (2048K)
 Metaspace       used 59115K, committed 59520K, reserved 1105920K
  class space    used 7723K, committed 7936K, reserved 1048576K
}
Event: 8.989 GC heap before
{Heap before GC invocations=19 (full 0):
 garbage-first heap   total 55296K, used 42878K [0x00000004d6c00000, 0x00000005d4a00000)
  region size 2048K, 9 young (18432K), 1 survivors (2048K)
 Metaspace       used 59158K, committed 59520K, reserved 1105920K
  class space    used 7723K, committed 7936K, reserved 1048576K
}
Event: 8.991 GC heap after
{Heap after GC invocations=20 (full 0):
 garbage-first heap   total 55296K, used 26479K [0x00000004d6c00000, 0x00000005d4a00000)
  region size 2048K, 1 young (2048K), 1 survivors (2048K)
 Metaspace       used 59158K, committed 59520K, reserved 1105920K
  class space    used 7723K, committed 7936K, reserved 1048576K
}
Event: 9.346 GC heap before
{Heap before GC invocations=20 (full 0):
 garbage-first heap   total 55296K, used 40815K [0x00000004d6c00000, 0x00000005d4a00000)
  region size 2048K, 9 young (18432K), 1 survivors (2048K)
 Metaspace       used 59414K, committed 59840K, reserved 1105920K
  class space    used 7724K, committed 7936K, reserved 1048576K
}
Event: 9.349 GC heap after
{Heap after GC invocations=21 (full 0):
 garbage-first heap   total 55296K, used 26447K [0x00000004d6c00000, 0x00000005d4a00000)
  region size 2048K, 1 young (2048K), 1 survivors (2048K)
 Metaspace       used 59414K, committed 59840K, reserved 1105920K
  class space    used 7724K, committed 7936K, reserved 1048576K
}
Event: 9.855 GC heap before
{Heap before GC invocations=22 (full 0):
 garbage-first heap   total 55296K, used 42831K [0x00000004d6c00000, 0x00000005d4a00000)
  region size 2048K, 10 young (20480K), 1 survivors (2048K)
 Metaspace       used 59723K, committed 60096K, reserved 1105920K
  class space    used 7725K, committed 7936K, reserved 1048576K
}
Event: 9.858 GC heap after
{Heap after GC invocations=23 (full 0):
 garbage-first heap   total 55296K, used 26513K [0x00000004d6c00000, 0x00000005d4a00000)
  region size 2048K, 1 young (2048K), 1 survivors (2048K)
 Metaspace       used 59723K, committed 60096K, reserved 1105920K
  class space    used 7725K, committed 7936K, reserved 1048576K
}
Event: 10.249 GC heap before
{Heap before GC invocations=23 (full 0):
 garbage-first heap   total 55296K, used 44945K [0x00000004d6c00000, 0x00000005d4a00000)
  region size 2048K, 10 young (20480K), 1 survivors (2048K)
 Metaspace       used 59764K, committed 60160K, reserved 1105920K
  class space    used 7725K, committed 7936K, reserved 1048576K
}
Event: 10.253 GC heap after
{Heap after GC invocations=24 (full 0):
 garbage-first heap   total 55296K, used 26472K [0x00000004d6c00000, 0x00000005d4a00000)
  region size 2048K, 1 young (2048K), 1 survivors (2048K)
 Metaspace       used 59764K, committed 60160K, reserved 1105920K
  class space    used 7725K, committed 7936K, reserved 1048576K
}
Event: 10.649 GC heap before
{Heap before GC invocations=25 (full 0):
 garbage-first heap   total 55296K, used 42856K [0x00000004d6c00000, 0x00000005d4a00000)
  region size 2048K, 10 young (20480K), 1 survivors (2048K)
 Metaspace       used 59773K, committed 60160K, reserved 1105920K
  class space    used 7725K, committed 7936K, reserved 1048576K
}
Event: 10.652 GC heap after
{Heap after GC invocations=26 (full 0):
 garbage-first heap   total 55296K, used 26524K [0x00000004d6c00000, 0x00000005d4a00000)
  region size 2048K, 1 young (2048K), 1 survivors (2048K)
 Metaspace       used 59773K, committed 60160K, reserved 1105920K
  class space    used 7725K, committed 7936K, reserved 1048576K
}

Deoptimization events (20 events):
Event: 9.917 Thread 0x0000015247926aa0 Uncommon trap: trap_request=0xffffffbe fr.pc=0x00000152325544c0 relative=0x0000000000000560
Event: 9.917 Thread 0x0000015247926aa0 Uncommon trap: reason=profile_predicate action=maybe_recompile pc=0x00000152325544c0 method=java.util.TimSort.countRunAndMakeAscending([Ljava/lang/Object;IILjava/util/Comparator;)I @ 95 c2
Event: 9.917 Thread 0x0000015247926aa0 DEOPT PACKING pc=0x00000152325544c0 sp=0x0000000772efb7e0
Event: 9.917 Thread 0x0000015247926aa0 DEOPT UNPACKING pc=0x000001522a6b23a3 sp=0x0000000772efb770 mode 2
Event: 9.918 Thread 0x0000015247926f70 Uncommon trap: trap_request=0xffffffbe fr.pc=0x00000152325544c0 relative=0x0000000000000560
Event: 9.918 Thread 0x0000015247926f70 Uncommon trap: reason=profile_predicate action=maybe_recompile pc=0x00000152325544c0 method=java.util.TimSort.countRunAndMakeAscending([Ljava/lang/Object;IILjava/util/Comparator;)I @ 95 c2
Event: 9.918 Thread 0x0000015247926f70 DEOPT PACKING pc=0x00000152325544c0 sp=0x00000007731fbac0
Event: 9.918 Thread 0x0000015247926f70 DEOPT UNPACKING pc=0x000001522a6b23a3 sp=0x00000007731fba50 mode 2
Event: 9.918 Thread 0x0000015247925c30 Uncommon trap: trap_request=0xffffffbe fr.pc=0x00000152325544c0 relative=0x0000000000000560
Event: 9.918 Thread 0x0000015247925c30 Uncommon trap: reason=profile_predicate action=maybe_recompile pc=0x00000152325544c0 method=java.util.TimSort.countRunAndMakeAscending([Ljava/lang/Object;IILjava/util/Comparator;)I @ 95 c2
Event: 9.918 Thread 0x0000015247925c30 DEOPT PACKING pc=0x00000152325544c0 sp=0x0000000772cfbc90
Event: 9.918 Thread 0x0000015247925c30 DEOPT UNPACKING pc=0x000001522a6b23a3 sp=0x0000000772cfbc20 mode 2
Event: 9.920 Thread 0x0000015249d3fef0 Uncommon trap: trap_request=0xffffffbe fr.pc=0x00000152325544c0 relative=0x0000000000000560
Event: 9.920 Thread 0x0000015249d3fef0 Uncommon trap: reason=profile_predicate action=maybe_recompile pc=0x00000152325544c0 method=java.util.TimSort.countRunAndMakeAscending([Ljava/lang/Object;IILjava/util/Comparator;)I @ 95 c2
Event: 9.920 Thread 0x0000015249d3fef0 DEOPT PACKING pc=0x00000152325544c0 sp=0x00000007735fbcf0
Event: 9.920 Thread 0x0000015249d3fef0 DEOPT UNPACKING pc=0x000001522a6b23a3 sp=0x00000007735fbc80 mode 2
Event: 9.998 Thread 0x0000015249d3fa20 DEOPT PACKING pc=0x000001522b6cf471 sp=0x00000007734fec50
Event: 9.998 Thread 0x0000015249d3fa20 DEOPT UNPACKING pc=0x000001522a6b2b43 sp=0x00000007734fe118 mode 0
Event: 10.005 Thread 0x0000015247926aa0 DEOPT PACKING pc=0x000001522b6cb5fb sp=0x0000000772efe600
Event: 10.005 Thread 0x0000015247926aa0 DEOPT UNPACKING pc=0x000001522a6b2b43 sp=0x0000000772efdaa8 mode 0

Classes unloaded (0 events):
No events

Classes redefined (0 events):
No events

Internal exceptions (20 events):
Event: 6.568 Thread 0x0000015222e0bcc0 Exception <a 'java/lang/ClassNotFoundException'{0x00000004d92dbf68}: pl/sk/comment/CommentCustomizer> (0x00000004d92dbf68) 
thrown [t:\workspace\open\src\hotspot\share\classfile\systemDictionary.cpp, line 256]
Event: 6.596 Thread 0x0000015222e0bcc0 Exception <a 'java/lang/reflect/InvocationTargetException'{0x00000004e6989860}> (0x00000004e6989860) 
thrown [t:\workspace\open\src\hotspot\share\runtime\reflection.cpp, line 1121]
Event: 6.614 Thread 0x0000015222e0bcc0 Exception <a 'java/lang/ClassNotFoundException'{0x00000004e306a420}: java/lang/ObjectCustomizer> (0x00000004e306a420) 
thrown [t:\workspace\open\src\hotspot\share\classfile\systemDictionary.cpp, line 256]
Event: 6.615 Thread 0x0000015222e0bcc0 Exception <a 'java/lang/ClassNotFoundException'{0x00000004e30713c0}: org/springframework/security/config/annotation/web/configuration/WebSecurityConfigurationCustomizer> (0x00000004e30713c0) 
thrown [t:\workspace\open\src\hotspot\share\classfile\systemDictionary.cpp, line 256]
Event: 6.615 Thread 0x0000015222e0bcc0 Exception <a 'java/lang/ClassNotFoundException'{0x00000004e307e860}: org/springframework/context/annotation/ImportAwareCustomizer> (0x00000004e307e860) 
thrown [t:\workspace\open\src\hotspot\share\classfile\systemDictionary.cpp, line 256]
Event: 6.616 Thread 0x0000015222e0bcc0 Exception <a 'java/lang/ClassNotFoundException'{0x00000004e30828a0}: org/springframework/beans/factory/AwareCustomizer> (0x00000004e30828a0) 
thrown [t:\workspace\open\src\hotspot\share\classfile\systemDictionary.cpp, line 256]
Event: 6.616 Thread 0x0000015222e0bcc0 Exception <a 'java/lang/ClassNotFoundException'{0x00000004e3085cd0}: org/springframework/beans/factory/BeanClassLoaderAwareCustomizer> (0x00000004e3085cd0) 
thrown [t:\workspace\open\src\hotspot\share\classfile\systemDictionary.cpp, line 256]
Event: 6.616 Thread 0x0000015222e0bcc0 Exception <a 'java/lang/ClassNotFoundException'{0x00000004e308a748}: org/springframework/beans/factory/AwareCustomizer> (0x00000004e308a748) 
thrown [t:\workspace\open\src\hotspot\share\classfile\systemDictionary.cpp, line 256]
Event: 6.674 Thread 0x0000015222e0bcc0 Implicit null exception at 0x0000015232208fd1 to 0x0000015232209082
Event: 6.801 Thread 0x0000015222e0bcc0 Exception <a 'java/lang/ClassNotFoundException'{0x00000004d9792768}: java/lang/ObjectCustomizer> (0x00000004d9792768) 
thrown [t:\workspace\open\src\hotspot\share\classfile\systemDictionary.cpp, line 256]
Event: 6.802 Thread 0x0000015222e0bcc0 Exception <a 'java/lang/ClassNotFoundException'{0x00000004d9799708}: org/springframework/security/config/annotation/web/configuration/HttpSecurityConfigurationCustomizer> (0x00000004d9799708) 
thrown [t:\workspace\open\src\hotspot\share\classfile\systemDictionary.cpp, line 256]
Event: 6.932 Thread 0x0000015222e0bcc0 Exception <a 'java/lang/NoSuchMethodError'{0x00000004e684e8d0}: 'void java.lang.invoke.DirectMethodHandle$Holder.invokeVirtual(java.lang.Object, java.lang.Object, int)'> (0x00000004e684e8d0) 
thrown [t:\workspace\open\src\hotspot\share\interpreter\linkResolver.cpp, line 766]
Event: 6.934 Thread 0x0000015222e0bcc0 Exception <a 'java/lang/NoSuchMethodError'{0x00000004e6869738}: 'void java.lang.invoke.DirectMethodHandle$Holder.invokeVirtual(java.lang.Object, java.lang.Object, long)'> (0x00000004e6869738) 
thrown [t:\workspace\open\src\hotspot\share\interpreter\linkResolver.cpp, line 766]
Event: 7.078 Thread 0x0000015222e0bcc0 Exception <a 'java/lang/IncompatibleClassChangeError'{0x00000004e2f0f150}: Found class java.lang.Object, but interface was expected> (0x00000004e2f0f150) 
thrown [t:\workspace\open\src\hotspot\share\interpreter\linkResolver.cpp, line 833]
Event: 7.157 Thread 0x0000015222e0bcc0 Implicit null exception at 0x000001523222e4da to 0x000001523222e71c
Event: 7.216 Thread 0x0000015222e0bcc0 Exception <a 'java/lang/NoSuchMethodError'{0x00000004d96b0d28}: 'java.lang.Object java.lang.invoke.DirectMethodHandle$Holder.invokeSpecial(java.lang.Object, java.lang.Object, int, java.lang.Object, int, java.lang.Object)'> (0x00000004d96b0d28) 
thrown [t:\workspace\open\src\hotspot\share\interpreter\linkResolver.cpp, line 766]
Event: 7.217 Thread 0x0000015222e0bcc0 Exception <a 'java/lang/NoSuchMethodError'{0x00000004d96b8b28}: 'java.lang.Object java.lang.invoke.DirectMethodHandle$Holder.newInvokeSpecial(java.lang.Object, java.lang.Object, int, java.lang.Object, int)'> (0x00000004d96b8b28) 
thrown [t:\workspace\open\src\hotspot\share\interpreter\linkResolver.cpp, line 766]
Event: 7.217 Thread 0x0000015222e0bcc0 Exception <a 'java/lang/NoSuchMethodError'{0x00000004d96bcc28}: 'java.lang.Object java.lang.invoke.DirectMethodHandle$Holder.invokeSpecial(java.lang.Object, java.lang.Object, java.lang.Object, int, java.lang.Object, int)'> (0x00000004d96bcc28) 
thrown [t:\workspace\open\src\hotspot\share\interpreter\linkResolver.cpp, line 766]
Event: 7.219 Thread 0x0000015222e0bcc0 Exception <a 'java/lang/NoSuchMethodError'{0x00000004d96c6728}: 'void java.lang.invoke.DirectMethodHandle$Holder.invokeVirtual(java.lang.Object, java.lang.Object)'> (0x00000004d96c6728) 
thrown [t:\workspace\open\src\hotspot\share\interpreter\linkResolver.cpp, line 766]
Event: 7.556 Thread 0x0000015247926f70 Implicit null exception at 0x00000152322a245b to 0x00000152322a24d4

VM Operations (20 events):
Event: 8.989 Executing VM operation: G1CollectForAllocation
Event: 8.994 Executing VM operation: G1CollectForAllocation done
Event: 9.340 Executing VM operation: ICBufferFull
Event: 9.340 Executing VM operation: ICBufferFull done
Event: 9.346 Executing VM operation: G1CollectForAllocation
Event: 9.350 Executing VM operation: G1CollectForAllocation done
Event: 9.381 Executing VM operation: G1Concurrent
Event: 9.385 Executing VM operation: G1Concurrent done
Event: 9.397 Executing VM operation: G1Concurrent
Event: 9.412 Executing VM operation: G1Concurrent done
Event: 9.855 Executing VM operation: G1CollectForAllocation
Event: 9.859 Executing VM operation: G1CollectForAllocation done
Event: 10.249 Executing VM operation: G1CollectForAllocation
Event: 10.253 Executing VM operation: G1CollectForAllocation done
Event: 10.287 Executing VM operation: G1Concurrent
Event: 10.292 Executing VM operation: G1Concurrent done
Event: 10.305 Executing VM operation: G1Concurrent
Event: 10.315 Executing VM operation: G1Concurrent done
Event: 10.649 Executing VM operation: G1CollectForAllocation
Event: 10.653 Executing VM operation: G1CollectForAllocation done

Events (20 events):
Event: 7.517 loading class java/time/format/DateTimeFormatterBuilder$ReducedPrinterParser
Event: 7.517 loading class java/time/format/DateTimeFormatterBuilder$ReducedPrinterParser done
Event: 7.583 loading class java/text/FieldPosition$Delegate
Event: 7.584 loading class java/text/FieldPosition$Delegate done
Event: 7.610 loading class java/util/OptionalLong
Event: 7.610 loading class java/util/OptionalLong done
Event: 7.610 loading class java/util/OptionalDouble
Event: 7.610 loading class java/util/OptionalDouble done
Event: 7.626 loading class java/util/concurrent/atomic/AtomicReferenceArray
Event: 7.627 loading class java/util/concurrent/atomic/AtomicReferenceArray done
Event: 7.640 loading class java/util/stream/LongStream
Event: 7.641 loading class java/util/stream/LongStream done
Event: 7.641 loading class java/util/stream/DoubleStream
Event: 7.641 loading class java/util/stream/DoubleStream done
Event: 7.788 loading class jdk/internal/access/foreign/MemorySegmentProxy
Event: 7.788 loading class jdk/internal/access/foreign/MemorySegmentProxy done
Event: 8.815 Thread 0x0000015245ae4480 flushing nmethod 0x000001522b611f10
Event: 9.814 loading class sun/util/locale/LocaleExtensions
Event: 9.814 loading class sun/util/locale/LocaleExtensions done
Event: 10.495 Thread 0x0000015247927de0 Thread exited: 0x0000015247927de0


Dynamic libraries:
0x00007ff6878d0000 - 0x00007ff6878e0000 	C:\Program Files\Java\jdk-17.0.2\bin\java.exe
0x00007ff819730000 - 0x00007ff819925000 	C:\WINDOWS\SYSTEM32\ntdll.dll
0x00007ff817d10000 - 0x00007ff817dce000 	C:\WINDOWS\System32\KERNEL32.DLL
0x00007ff8174c0000 - 0x00007ff817788000 	C:\WINDOWS\System32\KERNELBASE.dll
0x00007ff816e50000 - 0x00007ff816f50000 	C:\WINDOWS\System32\ucrtbase.dll
0x00007ff812360000 - 0x00007ff812378000 	C:\Program Files\Java\jdk-17.0.2\bin\jli.dll
0x00007ff818bf0000 - 0x00007ff818c9e000 	C:\WINDOWS\System32\ADVAPI32.dll
0x00007ff818ef0000 - 0x00007ff818f8e000 	C:\WINDOWS\System32\msvcrt.dll
0x00007ff817c00000 - 0x00007ff817c9c000 	C:\WINDOWS\System32\sechost.dll
0x00007ff812340000 - 0x00007ff81235a000 	C:\Program Files\Java\jdk-17.0.2\bin\VCRUNTIME140.dll
0x00007ff8181a0000 - 0x00007ff8182c5000 	C:\WINDOWS\System32\RPCRT4.dll
0x00007ff818d50000 - 0x00007ff818ef0000 	C:\WINDOWS\System32\USER32.dll
0x00007ff817140000 - 0x00007ff817162000 	C:\WINDOWS\System32\win32u.dll
0x00007ff818050000 - 0x00007ff81807a000 	C:\WINDOWS\System32\GDI32.dll
0x00007ff816180000 - 0x00007ff81641a000 	C:\WINDOWS\WinSxS\amd64_microsoft.windows.common-controls_6595b64144ccf1df_6.0.19041.1110_none_60b5254171f9507e\COMCTL32.dll
0x00007ff817270000 - 0x00007ff81737b000 	C:\WINDOWS\System32\gdi32full.dll
0x00007ff817380000 - 0x00007ff81741d000 	C:\WINDOWS\System32\msvcp_win.dll
0x00007ff810c70000 - 0x00007ff810c7a000 	C:\WINDOWS\SYSTEM32\VERSION.dll
0x00007ff819660000 - 0x00007ff819690000 	C:\WINDOWS\System32\IMM32.DLL
0x00007ff812480000 - 0x00007ff81248c000 	C:\Program Files\Java\jdk-17.0.2\bin\vcruntime140_1.dll
0x00007ff80f3f0000 - 0x00007ff80f47d000 	C:\Program Files\Java\jdk-17.0.2\bin\msvcp140.dll
0x00007fffe1da0000 - 0x00007fffe2961000 	C:\Program Files\Java\jdk-17.0.2\bin\server\jvm.dll
0x00007ff817ca0000 - 0x00007ff817ca8000 	C:\WINDOWS\System32\PSAPI.DLL
0x00007ff80aea0000 - 0x00007ff80aec7000 	C:\WINDOWS\SYSTEM32\WINMM.dll
0x00007ff8123e0000 - 0x00007ff8123e9000 	C:\WINDOWS\SYSTEM32\WSOCK32.dll
0x00007ff818b00000 - 0x00007ff818b6b000 	C:\WINDOWS\System32\WS2_32.dll
0x00007ff814700000 - 0x00007ff814712000 	C:\WINDOWS\SYSTEM32\kernel.appcore.dll
0x00007ff811fb0000 - 0x00007ff811fba000 	C:\Program Files\Java\jdk-17.0.2\bin\jimage.dll
0x00007ff8167a0000 - 0x00007ff816984000 	C:\WINDOWS\SYSTEM32\DBGHELP.DLL
0x00007ff816550000 - 0x00007ff81657c000 	C:\WINDOWS\SYSTEM32\dbgcore.DLL
0x00007ff816f50000 - 0x00007ff816fd2000 	C:\WINDOWS\System32\bcryptPrimitives.dll
0x00007ff811fa0000 - 0x00007ff811fae000 	C:\Program Files\Java\jdk-17.0.2\bin\instrument.dll
0x00007ff80f340000 - 0x00007ff80f365000 	C:\Program Files\Java\jdk-17.0.2\bin\java.dll
0x00007ffff9940000 - 0x00007ffff9a16000 	C:\Program Files\Java\jdk-17.0.2\bin\jsvml.dll
0x00007ff8183b0000 - 0x00007ff818af4000 	C:\WINDOWS\System32\SHELL32.dll
0x00007ff814900000 - 0x00007ff815094000 	C:\WINDOWS\SYSTEM32\windows.storage.dll
0x00007ff819100000 - 0x00007ff819454000 	C:\WINDOWS\System32\combase.dll
0x00007ff816110000 - 0x00007ff81613c000 	C:\WINDOWS\SYSTEM32\Wldp.dll
0x00007ff8195b0000 - 0x00007ff81965d000 	C:\WINDOWS\System32\SHCORE.dll
0x00007ff8182d0000 - 0x00007ff818325000 	C:\WINDOWS\System32\shlwapi.dll
0x00007ff816d90000 - 0x00007ff816daf000 	C:\WINDOWS\SYSTEM32\profapi.dll
0x00007ff800850000 - 0x00007ff800868000 	C:\Program Files\Java\jdk-17.0.2\bin\zip.dll
0x00007ff8114f0000 - 0x00007ff811509000 	C:\Program Files\Java\jdk-17.0.2\bin\net.dll
0x00007ff808f60000 - 0x00007ff80906a000 	C:\WINDOWS\SYSTEM32\WINHTTP.dll
0x00007ff8160a0000 - 0x00007ff81610a000 	C:\WINDOWS\system32\mswsock.dll
0x00007ff800870000 - 0x00007ff800886000 	C:\Program Files\Java\jdk-17.0.2\bin\nio.dll
0x00007ff800830000 - 0x00007ff80084a000 	C:\Users\kroso\IntelliJ IDEA Community Edition 2021.3.2\bin\breakgen64.dll
0x00007ff8105c0000 - 0x00007ff8105d0000 	C:\Program Files\Java\jdk-17.0.2\bin\verify.dll
0x00007ff806360000 - 0x00007ff806369000 	C:\Program Files\Java\jdk-17.0.2\bin\management.dll
0x00007ff800760000 - 0x00007ff80076b000 	C:\Program Files\Java\jdk-17.0.2\bin\management_ext.dll
0x00007ff800710000 - 0x00007ff800727000 	C:\WINDOWS\system32\napinsp.dll
0x00007ff800370000 - 0x00007ff80038b000 	C:\WINDOWS\system32\pnrpnsp.dll
0x00007ff8001b0000 - 0x00007ff8001c5000 	C:\WINDOWS\system32\wshbth.dll
0x00007ff812300000 - 0x00007ff81231d000 	C:\WINDOWS\system32\NLAapi.dll
0x00007ff815be0000 - 0x00007ff815c1b000 	C:\WINDOWS\SYSTEM32\IPHLPAPI.DLL
0x00007ff815c20000 - 0x00007ff815ceb000 	C:\WINDOWS\SYSTEM32\DNSAPI.dll
0x00007ff8183a0000 - 0x00007ff8183a8000 	C:\WINDOWS\System32\NSI.dll
0x00007ff800290000 - 0x00007ff8002a2000 	C:\WINDOWS\System32\winrnr.dll
0x00007ff808820000 - 0x00007ff80882a000 	C:\Windows\System32\rasadhlp.dll
0x00007ff808a30000 - 0x00007ff808aaf000 	C:\WINDOWS\System32\fwpuclnt.dll
0x00007ff817490000 - 0x00007ff8174b7000 	C:\WINDOWS\System32\bcrypt.dll
0x00007ff816be0000 - 0x00007ff816bf8000 	C:\WINDOWS\SYSTEM32\CRYPTSP.dll
0x00007ff815890000 - 0x00007ff8158c4000 	C:\WINDOWS\system32\rsaenh.dll
0x00007ff816d10000 - 0x00007ff816d3e000 	C:\WINDOWS\SYSTEM32\USERENV.dll
0x00007ff815f50000 - 0x00007ff815f5c000 	C:\WINDOWS\SYSTEM32\CRYPTBASE.dll
0x00007ff810d50000 - 0x00007ff810d67000 	C:\WINDOWS\SYSTEM32\dhcpcsvc6.DLL
0x00007ff810d10000 - 0x00007ff810d2d000 	C:\WINDOWS\SYSTEM32\dhcpcsvc.DLL
0x00007ff800750000 - 0x00007ff80075e000 	C:\Program Files\Java\jdk-17.0.2\bin\sunmscapi.dll
0x00007ff816fe0000 - 0x00007ff817136000 	C:\WINDOWS\System32\CRYPT32.dll
0x00007ff816420000 - 0x00007ff816447000 	C:\WINDOWS\SYSTEM32\ncrypt.dll
0x00007ff816140000 - 0x00007ff81617b000 	C:\WINDOWS\SYSTEM32\NTASN1.dll
0x00007ff8005c0000 - 0x00007ff8005c7000 	C:\WINDOWS\system32\wshunix.dll

dbghelp: loaded successfully - version: 4.0.5 - missing functions: none
symbol engine: initialized successfully - sym options: 0x614 - pdb path: .;C:\Program Files\Java\jdk-17.0.2\bin;C:\WINDOWS\SYSTEM32;C:\WINDOWS\WinSxS\amd64_microsoft.windows.common-controls_6595b64144ccf1df_6.0.19041.1110_none_60b5254171f9507e;C:\Program Files\Java\jdk-17.0.2\bin\server;C:\Users\kroso\IntelliJ IDEA Community Edition 2021.3.2\bin

VM Arguments:
jvm_args: -javaagent:C:\Users\kroso\IntelliJ IDEA Community Edition 2021.3.2\lib\idea_rt.jar=60330:C:\Users\kroso\IntelliJ IDEA Community Edition 2021.3.2\bin -Dfile.encoding=UTF-8 
java_command: pl.sk.GasStationsApplication
java_class_path (initial): E:\GasStationMap\Backend\target\classes;C:\Users\kroso\.m2\repository\org\springframework\boot\spring-boot-starter\2.6.6\spring-boot-starter-2.6.6.jar;C:\Users\kroso\.m2\repository\org\springframework\boot\spring-boot\2.6.6\spring-boot-2.6.6.jar;C:\Users\kroso\.m2\repository\org\springframework\spring-context\5.3.18\spring-context-5.3.18.jar;C:\Users\kroso\.m2\repository\org\springframework\boot\spring-boot-autoconfigure\2.6.6\spring-boot-autoconfigure-2.6.6.jar;C:\Users\kroso\.m2\repository\org\springframework\boot\spring-boot-starter-logging\2.6.6\spring-boot-starter-logging-2.6.6.jar;C:\Users\kroso\.m2\repository\ch\qos\logback\logback-classic\1.2.11\logback-classic-1.2.11.jar;C:\Users\kroso\.m2\repository\ch\qos\logback\logback-core\1.2.11\logback-core-1.2.11.jar;C:\Users\kroso\.m2\repository\org\apache\logging\log4j\log4j-to-slf4j\2.17.2\log4j-to-slf4j-2.17.2.jar;C:\Users\kroso\.m2\repository\org\apache\logging\log4j\log4j-api\2.17.2\log4j-api-2.17.2.jar;C:\Users\kroso\.m2\repository\org\slf4j\jul-to-slf4j\1.7.36\jul-to-slf4j-1.7.36.jar;C:\Users\kroso\.m2\repository\jakarta\annotation\jakarta.annotation-api\1.3.5\jakarta.annotation-api-1.3.5.jar;C:\Users\kroso\.m2\repository\org\springframework\spring-core\5.3.18\spring-core-5.3.18.jar;C:\Users\kroso\.m2\repository\org\springframework\spring-jcl\5.3.18\spring-jcl-5.3.18.jar;C:\Users\kroso\.m2\repository\org\yaml\snakeyaml\1.29\snakeyaml-1.29.jar;C:\Users\kroso\.m2\repository\org\springframework\boot\spring-boot-starter-data-jpa\2.6.6\spring-boot-starter-data-jpa-2.6.6.jar;C:\Users\kroso\.m2\repository\org\springframework\boot\spring-boot-starter-aop\2.6.6\spring-boot-starter-aop-2.6.6.jar;C:\Users\kroso\.m2\repository\org\aspectj\aspectjweaver\1.9.7\aspectjweaver-1.9.7.jar;C:\Users\kroso\.m2\repository\org\springframework\boot\spring-boot-starter-jdbc\2.6.6\spring-boot-starter-jdbc-2.6.6.jar;C:\Users\kroso\.m2\repository\com\zaxxer\HikariCP\4.0.3\HikariCP-4.0.3.jar;C:\Users\kroso\.m
Launcher Type: SUN_STANDARD

[Global flags]
     intx CICompilerCount                          = 4                                         {product} {ergonomic}
     uint ConcGCThreads                            = 2                                         {product} {ergonomic}
     uint G1ConcRefinementThreads                  = 8                                         {product} {ergonomic}
   size_t G1HeapRegionSize                         = 2097152                                   {product} {ergonomic}
    uintx GCDrainStackTargetSize                   = 64                                        {product} {ergonomic}
   size_t InitialHeapSize                          = 266338304                                 {product} {ergonomic}
   size_t MarkStackSize                            = 4194304                                   {product} {ergonomic}
   size_t MaxHeapSize                              = 4259315712                                {product} {ergonomic}
   size_t MaxNewSize                               = 2554331136                                {product} {ergonomic}
   size_t MinHeapDeltaBytes                        = 2097152                                   {product} {ergonomic}
   size_t MinHeapSize                              = 8388608                                   {product} {ergonomic}
    uintx NonNMethodCodeHeapSize                   = 5839372                                {pd product} {ergonomic}
    uintx NonProfiledCodeHeapSize                  = 122909434                              {pd product} {ergonomic}
    uintx ProfiledCodeHeapSize                     = 122909434                              {pd product} {ergonomic}
    uintx ReservedCodeCacheSize                    = 251658240                              {pd product} {ergonomic}
     bool SegmentedCodeCache                       = true                                      {product} {ergonomic}
   size_t SoftMaxHeapSize                          = 4259315712                             {manageable} {ergonomic}
     bool UseCompressedClassPointers               = true                           {product lp64_product} {ergonomic}
     bool UseCompressedOops                        = true                           {product lp64_product} {ergonomic}
     bool UseG1GC                                  = true                                      {product} {ergonomic}
     bool UseLargePagesIndividualAllocation        = false                                  {pd product} {ergonomic}

Logging:
Log output configuration:
 #0: stdout all=warning uptime,level,tags
 #1: stderr all=off uptime,level,tags

Environment Variables:
JAVA_HOME=C:\Program Files\Java\jdk-17.0.2
PATH=C:\Program Files\Eclipse Foundation\jdk-8.0.302.8-hotspot\bin;C:\Program Files (x86)\Common Files\Oracle\Java\javapath;C:\Program Files\Common Files\Oracle\Java\javapath;C:\Windows\system32;C:\Windows;C:\Windows\System32\Wbem;C:\Windows\System32\WindowsPowerShell\v1.0\;C:\Windows\System32\OpenSSH\;C:\Program Files\NVIDIA Corporation\NVIDIA NvDLISR;C:\Program Files (x86)\NVIDIA Corporation\PhysX\Common;C:\Program Files\Microsoft SQL Server\130\Tools\Binn\;C:\WINDOWS\system32;C:\WINDOWS;C:\WINDOWS\System32\Wbem;C:\WINDOWS\System32\WindowsPowerShell\v1.0\;C:\WINDOWS\System32\OpenSSH\;C:\Program Files\Git\cmd;C:\Program Files (x86)\IncrediBuild;C:\Program Files\Java\jdk-17.0.2\bin;C:\Program Files\nodejs\;C:\Program Files\dotnet\;C:\Program Files\MySQL\MySQL Shell 8.0\bin\;C:\Users\kroso\AppData\Local\Programs\Python\Python310\Scripts\;C:\Users\kroso\AppData\Local\Programs\Python\Python310\;C:\Program Files (x86)\Common Files\Oracle\Java\javapath;C:\Program Files\Common Files\Oracle\Java\javapath;C:\Windows\system32;C:\Windows;C:\Windows\System32\Wbem;C:\Windows\System32\WindowsPowerShell\v1.0\;C:\Windows\System32\OpenSSH\;C:\Program Files\NVIDIA Corporation\NVIDIA NvDLISR;C:\Program Files (x86)\NVIDIA Corporation\PhysX\Common;C:\Program Files\Microsoft SQL Server\130\Tools\Binn\;C:\WINDOWS\system32;C:\WINDOWS;C:\WINDOWS\System32\Wbem;C:\WINDOWS\System32\WindowsPowerShell\v1.0\;C:\WINDOWS\System32\OpenSSH\;C:\Program Files\nodejs\;C:\Program Files\Git\cmd;C:\Program Files (x86)\IncrediBuild;C:\Users\kroso\AppData\Local\Microsoft\WindowsApps;C:\Users\kroso\AppData\Local\Programs\Microsoft VS Code\bin;C:\Python37\Scripts;C:\Users\kroso\AppData\Local\Microsoft\WindowsApps;%IntelliJ IDEA Community Edition;C:\Users\kroso\AppData\Roaming\npm;C:\Users\kroso\.dotnet\tools
USERNAME=kroso
OS=Windows_NT
PROCESSOR_IDENTIFIER=Intel64 Family 6 Model 60 Stepping 3, GenuineIntel



---------------  S Y S T E M  ---------------

OS:
 Windows 10 , 64 bit Build 19041 (10.0.19041.1645)
OS uptime: 0 days 2:38 hours
Hyper-V role detected

CPU: total 8 (initial active 8) (4 cores per cpu, 2 threads per core) family 6 model 60 stepping 3 microcode 0x27, cx8, cmov, fxsr, ht, mmx, sse, sse2, sse3, ssse3, sse4.1, sse4.2, popcnt, lzcnt, tsc, tscinvbit, avx, avx2, aes, erms, clmul, bmi1, bmi2, fma, vzeroupper, clflush, hv

Memory: 4k page, system-wide physical 16245M (529M free)
TotalPageFile size 48202M (AvailPageFile size 5M)
current process WorkingSet (physical memory assigned to process): 242M, peak: 264M
current process commit charge ("private bytes"): 281M, peak: 411M

vm_info: Java HotSpot(TM) 64-Bit Server VM (17.0.2+8-LTS-86) for windows-amd64 JRE (17.0.2+8-LTS-86), built on Dec  7 2021 21:51:03 by "mach5one" with MS VC++ 16.8 / 16.9 (VS2019)

END.
